---------- Date: 2018-10-21 11:42:54 ~ IP : ::1 ----------
REQUEST URI : /ij/admin/index.php?route=catalog/product/edit&token=WWarfmNsKUX1GlfXOTNMij1LxN3mNtYP&product_id=47
MOD DETAILS:
   modFile   : C:\xampp\htdocs\ij\vqmod/xml/a_vqmod_d_social_login.xml
   id        : d_social_login
   version   : 2.x
   vqmver    : 2.4.1
   author    : dreamvention.com
VQModObject::parseMods - Could not resolve path for [admin/model/sale/customer.php] (SKIPPED)

MOD DETAILS:
   modFile   : C:\xampp\htdocs\ij\vqmod/xml/newslettersubscription.xml
   id        : Indian Rupee Symbol
   version   : 2.0
   vqmver    : 2.4.1
   author    : IRSSOFT
VQModObject::parseMods - Could not resolve path for [admin/controller/common/menu.php] (SKIPPED)
VQModObject::parseMods - Could not resolve path for [admin/view/template/common/menu.tpl] (SKIPPED)

----------------------------------------------------------------------


---------- Date: 2018-10-21 11:43:53 ~ IP : ::1 ----------
REQUEST URI : /ij/index.php?route=product/product&product_id=47&search=HP+LP3065
MOD DETAILS:
   modFile   : C:\xampp\htdocs\ij\vqmod/xml/default_option.xml
   id        : Option selected by default
   version   : 1.0.0
   vqmver    : 2.1.5
   author    : Michal Landsman

File Name    : catalog/view/theme/*/template/product/product.tpl(2)
VQModObject::applyMod - SEARCH NOT FOUND (ABORTING MOD): <input type="checkbox" name="option[<?php echo $option['product_option_id']; ?>][]" value="<?php echo $option_value['product_option_value_id']; ?>" />

----------------------------------------------------------------------


---------- Date: 2018-10-21 11:45:42 ~ IP : ::1 ----------
REQUEST URI : /ij/index.php?route=product/product&product_id=47&search=HP+LP3065
MOD DETAILS:
   modFile   : C:\xampp\htdocs\ij\vqmod/xml/a_vqmod_d_social_login.xml
   id        : d_social_login
   version   : 2.x
   vqmver    : 2.4.1
   author    : dreamvention.com
VQModObject::parseMods - Could not resolve path for [admin/model/sale/customer.php] (SKIPPED)

MOD DETAILS:
   modFile   : C:\xampp\htdocs\ij\vqmod/xml/newslettersubscription.xml
   id        : Indian Rupee Symbol
   version   : 2.0
   vqmver    : 2.4.1
   author    : IRSSOFT
VQModObject::parseMods - Could not resolve path for [admin/controller/common/menu.php] (SKIPPED)
VQModObject::parseMods - Could not resolve path for [admin/view/template/common/menu.tpl] (SKIPPED)

MOD DETAILS:
   modFile   : C:\xampp\htdocs\ij\vqmod/xml/default_option.xml
   id        : Option selected by default
   version   : 1.0.0
   vqmver    : 2.1.5
   author    : Michal Landsman

File Name    : catalog/view/theme/*/template/product/product.tpl(2)
VQModObject::applyMod - SEARCH NOT FOUND (ABORTING MOD): <input type="checkbox" name="option[<?php echo $option['product_option_id']; ?>][]" value="<?php echo $option_value['product_option_value_id']; ?>" />

----------------------------------------------------------------------


---------- Date: 2018-10-21 12:15:09 ~ IP : ::1 ----------
REQUEST URI : /ij/index.php?route=product/product&product_id=47&search=HP+LP3065
MOD DETAILS:
   modFile   : C:\xampp\htdocs\ij\vqmod/xml/a_vqmod_d_social_login.xml
   id        : d_social_login
   version   : 2.x
   vqmver    : 2.4.1
   author    : dreamvention.com
VQModObject::parseMods - Could not resolve path for [admin/model/sale/customer.php] (SKIPPED)

MOD DETAILS:
   modFile   : C:\xampp\htdocs\ij\vqmod/xml/newslettersubscription.xml
   id        : Indian Rupee Symbol
   version   : 2.0
   vqmver    : 2.4.1
   author    : IRSSOFT
VQModObject::parseMods - Could not resolve path for [admin/controller/common/menu.php] (SKIPPED)
VQModObject::parseMods - Could not resolve path for [admin/view/template/common/menu.tpl] (SKIPPED)

----------------------------------------------------------------------


