---------- Date: 2018-12-11 20:14:52 ~ IP : ::1 ----------
REQUEST URI : /ij/admin/index.php?route=extension/modification&token=P2qX1rUzMhdj4yRPxRWrBVUbye0uPHau
MOD DETAILS:
   modFile   : C:\xampp\htdocs\ij\vqmod/xml/a_vqmod_d_social_login.xml
   id        : d_social_login
   version   : 2.x
   vqmver    : 2.4.1
   author    : dreamvention.com
VQModObject::parseMods - Could not resolve path for [admin/model/sale/customer.php] (SKIPPED)

MOD DETAILS:
   modFile   : C:\xampp\htdocs\ij\vqmod/xml/newslettersubscription.xml
   id        : Indian Rupee Symbol
   version   : 2.0
   vqmver    : 2.4.1
   author    : IRSSOFT
VQModObject::parseMods - Could not resolve path for [admin/controller/common/menu.php] (SKIPPED)
VQModObject::parseMods - Could not resolve path for [admin/view/template/common/menu.tpl] (SKIPPED)

----------------------------------------------------------------------


---------- Date: 2018-12-11 20:14:54 ~ IP : ::1 ----------
REQUEST URI : /ij/admin/index.php?route=extension/extension&token=P2qX1rUzMhdj4yRPxRWrBVUbye0uPHau
MOD DETAILS:
   modFile   : C:\xampp\htdocs\ij\vqmod/xml/a_vqmod_d_social_login.xml
   id        : d_social_login
   version   : 2.x
   vqmver    : 2.4.1
   author    : dreamvention.com
VQModObject::parseMods - Could not resolve path for [admin/model/sale/customer.php] (SKIPPED)

MOD DETAILS:
   modFile   : C:\xampp\htdocs\ij\vqmod/xml/newslettersubscription.xml
   id        : Indian Rupee Symbol
   version   : 2.0
   vqmver    : 2.4.1
   author    : IRSSOFT
VQModObject::parseMods - Could not resolve path for [admin/controller/common/menu.php] (SKIPPED)
VQModObject::parseMods - Could not resolve path for [admin/view/template/common/menu.tpl] (SKIPPED)

----------------------------------------------------------------------


---------- Date: 2018-12-11 20:16:23 ~ IP : ::1 ----------
REQUEST URI : /ij/admin/index.php?route=extension/modification&token=P2qX1rUzMhdj4yRPxRWrBVUbye0uPHau
MOD DETAILS:
   modFile   : C:\xampp\htdocs\ij\vqmod/xml/a_vqmod_d_social_login.xml
   id        : d_social_login
   version   : 2.x
   vqmver    : 2.4.1
   author    : dreamvention.com
VQModObject::parseMods - Could not resolve path for [admin/model/sale/customer.php] (SKIPPED)

MOD DETAILS:
   modFile   : C:\xampp\htdocs\ij\vqmod/xml/newslettersubscription.xml
   id        : Indian Rupee Symbol
   version   : 2.0
   vqmver    : 2.4.1
   author    : IRSSOFT
VQModObject::parseMods - Could not resolve path for [admin/controller/common/menu.php] (SKIPPED)
VQModObject::parseMods - Could not resolve path for [admin/view/template/common/menu.tpl] (SKIPPED)

----------------------------------------------------------------------


---------- Date: 2018-12-11 20:21:41 ~ IP : ::1 ----------
REQUEST URI : /ij/admin/index.php?route=extension/modification&token=P2qX1rUzMhdj4yRPxRWrBVUbye0uPHau
MOD DETAILS:
   modFile   : C:\xampp\htdocs\ij\vqmod/xml/a_vqmod_d_social_login.xml
   id        : d_social_login
   version   : 2.x
   vqmver    : 2.4.1
   author    : dreamvention.com
VQModObject::parseMods - Could not resolve path for [admin/model/sale/customer.php] (SKIPPED)

MOD DETAILS:
   modFile   : C:\xampp\htdocs\ij\vqmod/xml/newslettersubscription.xml
   id        : Indian Rupee Symbol
   version   : 2.0
   vqmver    : 2.4.1
   author    : IRSSOFT
VQModObject::parseMods - Could not resolve path for [admin/controller/common/menu.php] (SKIPPED)
VQModObject::parseMods - Could not resolve path for [admin/view/template/common/menu.tpl] (SKIPPED)

----------------------------------------------------------------------


---------- Date: 2018-12-11 20:21:42 ~ IP : ::1 ----------
REQUEST URI : /ij/admin/index.php?route=extension/modification&token=P2qX1rUzMhdj4yRPxRWrBVUbye0uPHau
MOD DETAILS:
   modFile   : C:\xampp\htdocs\ij\vqmod/xml/a_vqmod_d_social_login.xml
   id        : d_social_login
   version   : 2.x
   vqmver    : 2.4.1
   author    : dreamvention.com
VQModObject::parseMods - Could not resolve path for [admin/model/sale/customer.php] (SKIPPED)

MOD DETAILS:
   modFile   : C:\xampp\htdocs\ij\vqmod/xml/newslettersubscription.xml
   id        : Indian Rupee Symbol
   version   : 2.0
   vqmver    : 2.4.1
   author    : IRSSOFT
VQModObject::parseMods - Could not resolve path for [admin/controller/common/menu.php] (SKIPPED)
VQModObject::parseMods - Could not resolve path for [admin/view/template/common/menu.tpl] (SKIPPED)

----------------------------------------------------------------------


---------- Date: 2018-12-11 20:22:44 ~ IP : ::1 ----------
REQUEST URI : /ij/admin/index.php?route=extension/modification&token=P2qX1rUzMhdj4yRPxRWrBVUbye0uPHau
MOD DETAILS:
   modFile   : C:\xampp\htdocs\ij\vqmod/xml/a_vqmod_d_social_login.xml
   id        : d_social_login
   version   : 2.x
   vqmver    : 2.4.1
   author    : dreamvention.com
VQModObject::parseMods - Could not resolve path for [admin/model/sale/customer.php] (SKIPPED)

MOD DETAILS:
   modFile   : C:\xampp\htdocs\ij\vqmod/xml/newslettersubscription.xml
   id        : Indian Rupee Symbol
   version   : 2.0
   vqmver    : 2.4.1
   author    : IRSSOFT
VQModObject::parseMods - Could not resolve path for [admin/controller/common/menu.php] (SKIPPED)
VQModObject::parseMods - Could not resolve path for [admin/view/template/common/menu.tpl] (SKIPPED)

----------------------------------------------------------------------


---------- Date: 2018-12-11 20:24:03 ~ IP : ::1 ----------
REQUEST URI : /ij/admin/index.php?route=extension/modification&token=P2qX1rUzMhdj4yRPxRWrBVUbye0uPHau
MOD DETAILS:
   modFile   : C:\xampp\htdocs\ij\vqmod/xml/a_vqmod_d_social_login.xml
   id        : d_social_login
   version   : 2.x
   vqmver    : 2.4.1
   author    : dreamvention.com
VQModObject::parseMods - Could not resolve path for [admin/model/sale/customer.php] (SKIPPED)

MOD DETAILS:
   modFile   : C:\xampp\htdocs\ij\vqmod/xml/newslettersubscription.xml
   id        : Indian Rupee Symbol
   version   : 2.0
   vqmver    : 2.4.1
   author    : IRSSOFT
VQModObject::parseMods - Could not resolve path for [admin/controller/common/menu.php] (SKIPPED)
VQModObject::parseMods - Could not resolve path for [admin/view/template/common/menu.tpl] (SKIPPED)

----------------------------------------------------------------------


---------- Date: 2018-12-11 20:25:11 ~ IP : ::1 ----------
REQUEST URI : /ij/admin/index.php?route=extension/modification&token=P2qX1rUzMhdj4yRPxRWrBVUbye0uPHau
MOD DETAILS:
   modFile   : C:\xampp\htdocs\ij\vqmod/xml/a_vqmod_d_social_login.xml
   id        : d_social_login
   version   : 2.x
   vqmver    : 2.4.1
   author    : dreamvention.com
VQModObject::parseMods - Could not resolve path for [admin/model/sale/customer.php] (SKIPPED)

MOD DETAILS:
   modFile   : C:\xampp\htdocs\ij\vqmod/xml/newslettersubscription.xml
   id        : Indian Rupee Symbol
   version   : 2.0
   vqmver    : 2.4.1
   author    : IRSSOFT
VQModObject::parseMods - Could not resolve path for [admin/controller/common/menu.php] (SKIPPED)
VQModObject::parseMods - Could not resolve path for [admin/view/template/common/menu.tpl] (SKIPPED)

----------------------------------------------------------------------


---------- Date: 2018-12-11 20:26:19 ~ IP : ::1 ----------
REQUEST URI : /ij/admin/index.php?route=extension/modification&token=P2qX1rUzMhdj4yRPxRWrBVUbye0uPHau
MOD DETAILS:
   modFile   : C:\xampp\htdocs\ij\vqmod/xml/a_vqmod_d_social_login.xml
   id        : d_social_login
   version   : 2.x
   vqmver    : 2.4.1
   author    : dreamvention.com
VQModObject::parseMods - Could not resolve path for [admin/model/sale/customer.php] (SKIPPED)

MOD DETAILS:
   modFile   : C:\xampp\htdocs\ij\vqmod/xml/newslettersubscription.xml
   id        : Indian Rupee Symbol
   version   : 2.0
   vqmver    : 2.4.1
   author    : IRSSOFT
VQModObject::parseMods - Could not resolve path for [admin/controller/common/menu.php] (SKIPPED)
VQModObject::parseMods - Could not resolve path for [admin/view/template/common/menu.tpl] (SKIPPED)

----------------------------------------------------------------------


---------- Date: 2018-12-11 20:29:05 ~ IP : ::1 ----------
REQUEST URI : /ij/admin/index.php?route=extension/modification&token=P2qX1rUzMhdj4yRPxRWrBVUbye0uPHau
MOD DETAILS:
   modFile   : C:\xampp\htdocs\ij\vqmod/xml/a_vqmod_d_social_login.xml
   id        : d_social_login
   version   : 2.x
   vqmver    : 2.4.1
   author    : dreamvention.com
VQModObject::parseMods - Could not resolve path for [admin/model/sale/customer.php] (SKIPPED)

MOD DETAILS:
   modFile   : C:\xampp\htdocs\ij\vqmod/xml/newslettersubscription.xml
   id        : Indian Rupee Symbol
   version   : 2.0
   vqmver    : 2.4.1
   author    : IRSSOFT
VQModObject::parseMods - Could not resolve path for [admin/controller/common/menu.php] (SKIPPED)
VQModObject::parseMods - Could not resolve path for [admin/view/template/common/menu.tpl] (SKIPPED)

----------------------------------------------------------------------


---------- Date: 2018-12-11 20:29:48 ~ IP : ::1 ----------
REQUEST URI : /ij/admin/index.php?route=extension/modification&token=P2qX1rUzMhdj4yRPxRWrBVUbye0uPHau
MOD DETAILS:
   modFile   : C:\xampp\htdocs\ij\vqmod/xml/a_vqmod_d_social_login.xml
   id        : d_social_login
   version   : 2.x
   vqmver    : 2.4.1
   author    : dreamvention.com
VQModObject::parseMods - Could not resolve path for [admin/model/sale/customer.php] (SKIPPED)

MOD DETAILS:
   modFile   : C:\xampp\htdocs\ij\vqmod/xml/newslettersubscription.xml
   id        : Indian Rupee Symbol
   version   : 2.0
   vqmver    : 2.4.1
   author    : IRSSOFT
VQModObject::parseMods - Could not resolve path for [admin/controller/common/menu.php] (SKIPPED)
VQModObject::parseMods - Could not resolve path for [admin/view/template/common/menu.tpl] (SKIPPED)

----------------------------------------------------------------------


---------- Date: 2018-12-11 20:29:58 ~ IP : ::1 ----------
REQUEST URI : /ij/admin/index.php?route=extension/modification&token=P2qX1rUzMhdj4yRPxRWrBVUbye0uPHau
MOD DETAILS:
   modFile   : C:\xampp\htdocs\ij\vqmod/xml/a_vqmod_d_social_login.xml
   id        : d_social_login
   version   : 2.x
   vqmver    : 2.4.1
   author    : dreamvention.com
VQModObject::parseMods - Could not resolve path for [admin/model/sale/customer.php] (SKIPPED)

MOD DETAILS:
   modFile   : C:\xampp\htdocs\ij\vqmod/xml/newslettersubscription.xml
   id        : Indian Rupee Symbol
   version   : 2.0
   vqmver    : 2.4.1
   author    : IRSSOFT
VQModObject::parseMods - Could not resolve path for [admin/controller/common/menu.php] (SKIPPED)
VQModObject::parseMods - Could not resolve path for [admin/view/template/common/menu.tpl] (SKIPPED)

----------------------------------------------------------------------


---------- Date: 2018-12-11 20:30:49 ~ IP : ::1 ----------
REQUEST URI : /ij/admin/index.php?route=extension/modification&token=P2qX1rUzMhdj4yRPxRWrBVUbye0uPHau
MOD DETAILS:
   modFile   : C:\xampp\htdocs\ij\vqmod/xml/a_vqmod_d_social_login.xml
   id        : d_social_login
   version   : 2.x
   vqmver    : 2.4.1
   author    : dreamvention.com
VQModObject::parseMods - Could not resolve path for [admin/model/sale/customer.php] (SKIPPED)

MOD DETAILS:
   modFile   : C:\xampp\htdocs\ij\vqmod/xml/newslettersubscription.xml
   id        : Indian Rupee Symbol
   version   : 2.0
   vqmver    : 2.4.1
   author    : IRSSOFT
VQModObject::parseMods - Could not resolve path for [admin/controller/common/menu.php] (SKIPPED)
VQModObject::parseMods - Could not resolve path for [admin/view/template/common/menu.tpl] (SKIPPED)

----------------------------------------------------------------------


---------- Date: 2018-12-11 20:32:05 ~ IP : ::1 ----------
REQUEST URI : /ij/admin/index.php?route=extension/modification&token=P2qX1rUzMhdj4yRPxRWrBVUbye0uPHau
MOD DETAILS:
   modFile   : C:\xampp\htdocs\ij\vqmod/xml/a_vqmod_d_social_login.xml
   id        : d_social_login
   version   : 2.x
   vqmver    : 2.4.1
   author    : dreamvention.com
VQModObject::parseMods - Could not resolve path for [admin/model/sale/customer.php] (SKIPPED)

MOD DETAILS:
   modFile   : C:\xampp\htdocs\ij\vqmod/xml/newslettersubscription.xml
   id        : Indian Rupee Symbol
   version   : 2.0
   vqmver    : 2.4.1
   author    : IRSSOFT
VQModObject::parseMods - Could not resolve path for [admin/controller/common/menu.php] (SKIPPED)
VQModObject::parseMods - Could not resolve path for [admin/view/template/common/menu.tpl] (SKIPPED)

----------------------------------------------------------------------


---------- Date: 2018-12-11 20:55:32 ~ IP : ::1 ----------
REQUEST URI : /ij/admin/index.php?route=extension/modification&token=P2qX1rUzMhdj4yRPxRWrBVUbye0uPHau
MOD DETAILS:
   modFile   : C:\xampp\htdocs\ij\vqmod/xml/a_vqmod_d_social_login.xml
   id        : d_social_login
   version   : 2.x
   vqmver    : 2.4.1
   author    : dreamvention.com
VQModObject::parseMods - Could not resolve path for [admin/model/sale/customer.php] (SKIPPED)

MOD DETAILS:
   modFile   : C:\xampp\htdocs\ij\vqmod/xml/newslettersubscription.xml
   id        : Indian Rupee Symbol
   version   : 2.0
   vqmver    : 2.4.1
   author    : IRSSOFT
VQModObject::parseMods - Could not resolve path for [admin/controller/common/menu.php] (SKIPPED)
VQModObject::parseMods - Could not resolve path for [admin/view/template/common/menu.tpl] (SKIPPED)

----------------------------------------------------------------------


---------- Date: 2018-12-11 20:57:15 ~ IP : ::1 ----------
REQUEST URI : /ij/admin/index.php?route=extension/modification&token=P2qX1rUzMhdj4yRPxRWrBVUbye0uPHau
MOD DETAILS:
   modFile   : C:\xampp\htdocs\ij\vqmod/xml/a_vqmod_d_social_login.xml
   id        : d_social_login
   version   : 2.x
   vqmver    : 2.4.1
   author    : dreamvention.com
VQModObject::parseMods - Could not resolve path for [admin/model/sale/customer.php] (SKIPPED)

MOD DETAILS:
   modFile   : C:\xampp\htdocs\ij\vqmod/xml/newslettersubscription.xml
   id        : Indian Rupee Symbol
   version   : 2.0
   vqmver    : 2.4.1
   author    : IRSSOFT
VQModObject::parseMods - Could not resolve path for [admin/controller/common/menu.php] (SKIPPED)
VQModObject::parseMods - Could not resolve path for [admin/view/template/common/menu.tpl] (SKIPPED)

----------------------------------------------------------------------


---------- Date: 2018-12-11 21:00:11 ~ IP : ::1 ----------
REQUEST URI : /ij/admin/index.php?route=extension/modification&token=P2qX1rUzMhdj4yRPxRWrBVUbye0uPHau
MOD DETAILS:
   modFile   : C:\xampp\htdocs\ij\vqmod/xml/a_vqmod_d_social_login.xml
   id        : d_social_login
   version   : 2.x
   vqmver    : 2.4.1
   author    : dreamvention.com
VQModObject::parseMods - Could not resolve path for [admin/model/sale/customer.php] (SKIPPED)

MOD DETAILS:
   modFile   : C:\xampp\htdocs\ij\vqmod/xml/newslettersubscription.xml
   id        : Indian Rupee Symbol
   version   : 2.0
   vqmver    : 2.4.1
   author    : IRSSOFT
VQModObject::parseMods - Could not resolve path for [admin/controller/common/menu.php] (SKIPPED)
VQModObject::parseMods - Could not resolve path for [admin/view/template/common/menu.tpl] (SKIPPED)

----------------------------------------------------------------------


---------- Date: 2018-12-11 21:01:42 ~ IP : ::1 ----------
REQUEST URI : /ij/admin/index.php?route=extension/modification&token=P2qX1rUzMhdj4yRPxRWrBVUbye0uPHau
MOD DETAILS:
   modFile   : C:\xampp\htdocs\ij\vqmod/xml/a_vqmod_d_social_login.xml
   id        : d_social_login
   version   : 2.x
   vqmver    : 2.4.1
   author    : dreamvention.com
VQModObject::parseMods - Could not resolve path for [admin/model/sale/customer.php] (SKIPPED)

MOD DETAILS:
   modFile   : C:\xampp\htdocs\ij\vqmod/xml/newslettersubscription.xml
   id        : Indian Rupee Symbol
   version   : 2.0
   vqmver    : 2.4.1
   author    : IRSSOFT
VQModObject::parseMods - Could not resolve path for [admin/controller/common/menu.php] (SKIPPED)
VQModObject::parseMods - Could not resolve path for [admin/view/template/common/menu.tpl] (SKIPPED)

----------------------------------------------------------------------


---------- Date: 2018-12-11 21:03:10 ~ IP : ::1 ----------
REQUEST URI : /ij/admin/index.php?route=extension/modification&token=P2qX1rUzMhdj4yRPxRWrBVUbye0uPHau
MOD DETAILS:
   modFile   : C:\xampp\htdocs\ij\vqmod/xml/a_vqmod_d_social_login.xml
   id        : d_social_login
   version   : 2.x
   vqmver    : 2.4.1
   author    : dreamvention.com
VQModObject::parseMods - Could not resolve path for [admin/model/sale/customer.php] (SKIPPED)

MOD DETAILS:
   modFile   : C:\xampp\htdocs\ij\vqmod/xml/newslettersubscription.xml
   id        : Indian Rupee Symbol
   version   : 2.0
   vqmver    : 2.4.1
   author    : IRSSOFT
VQModObject::parseMods - Could not resolve path for [admin/controller/common/menu.php] (SKIPPED)
VQModObject::parseMods - Could not resolve path for [admin/view/template/common/menu.tpl] (SKIPPED)

----------------------------------------------------------------------


---------- Date: 2018-12-11 21:05:38 ~ IP : ::1 ----------
REQUEST URI : /ij/admin/index.php?route=extension/modification&token=P2qX1rUzMhdj4yRPxRWrBVUbye0uPHau
MOD DETAILS:
   modFile   : C:\xampp\htdocs\ij\vqmod/xml/a_vqmod_d_social_login.xml
   id        : d_social_login
   version   : 2.x
   vqmver    : 2.4.1
   author    : dreamvention.com
VQModObject::parseMods - Could not resolve path for [admin/model/sale/customer.php] (SKIPPED)

MOD DETAILS:
   modFile   : C:\xampp\htdocs\ij\vqmod/xml/newslettersubscription.xml
   id        : Indian Rupee Symbol
   version   : 2.0
   vqmver    : 2.4.1
   author    : IRSSOFT
VQModObject::parseMods - Could not resolve path for [admin/controller/common/menu.php] (SKIPPED)
VQModObject::parseMods - Could not resolve path for [admin/view/template/common/menu.tpl] (SKIPPED)

----------------------------------------------------------------------


---------- Date: 2018-12-11 21:05:42 ~ IP : ::1 ----------
REQUEST URI : /ij/admin/index.php?route=extension/modification&token=P2qX1rUzMhdj4yRPxRWrBVUbye0uPHau
MOD DETAILS:
   modFile   : C:\xampp\htdocs\ij\vqmod/xml/a_vqmod_d_social_login.xml
   id        : d_social_login
   version   : 2.x
   vqmver    : 2.4.1
   author    : dreamvention.com
VQModObject::parseMods - Could not resolve path for [admin/model/sale/customer.php] (SKIPPED)

MOD DETAILS:
   modFile   : C:\xampp\htdocs\ij\vqmod/xml/newslettersubscription.xml
   id        : Indian Rupee Symbol
   version   : 2.0
   vqmver    : 2.4.1
   author    : IRSSOFT
VQModObject::parseMods - Could not resolve path for [admin/controller/common/menu.php] (SKIPPED)
VQModObject::parseMods - Could not resolve path for [admin/view/template/common/menu.tpl] (SKIPPED)

----------------------------------------------------------------------


---------- Date: 2018-12-11 21:06:57 ~ IP : ::1 ----------
REQUEST URI : /ij/admin/index.php?route=extension/modification&token=P2qX1rUzMhdj4yRPxRWrBVUbye0uPHau
MOD DETAILS:
   modFile   : C:\xampp\htdocs\ij\vqmod/xml/a_vqmod_d_social_login.xml
   id        : d_social_login
   version   : 2.x
   vqmver    : 2.4.1
   author    : dreamvention.com
VQModObject::parseMods - Could not resolve path for [admin/model/sale/customer.php] (SKIPPED)

MOD DETAILS:
   modFile   : C:\xampp\htdocs\ij\vqmod/xml/newslettersubscription.xml
   id        : Indian Rupee Symbol
   version   : 2.0
   vqmver    : 2.4.1
   author    : IRSSOFT
VQModObject::parseMods - Could not resolve path for [admin/controller/common/menu.php] (SKIPPED)
VQModObject::parseMods - Could not resolve path for [admin/view/template/common/menu.tpl] (SKIPPED)

----------------------------------------------------------------------


---------- Date: 2018-12-11 21:11:50 ~ IP : ::1 ----------
REQUEST URI : /ij/admin/index.php?route=extension/modification&token=P2qX1rUzMhdj4yRPxRWrBVUbye0uPHau
MOD DETAILS:
   modFile   : C:\xampp\htdocs\ij\vqmod/xml/a_vqmod_d_social_login.xml
   id        : d_social_login
   version   : 2.x
   vqmver    : 2.4.1
   author    : dreamvention.com
VQModObject::parseMods - Could not resolve path for [admin/model/sale/customer.php] (SKIPPED)

MOD DETAILS:
   modFile   : C:\xampp\htdocs\ij\vqmod/xml/newslettersubscription.xml
   id        : Indian Rupee Symbol
   version   : 2.0
   vqmver    : 2.4.1
   author    : IRSSOFT
VQModObject::parseMods - Could not resolve path for [admin/controller/common/menu.php] (SKIPPED)
VQModObject::parseMods - Could not resolve path for [admin/view/template/common/menu.tpl] (SKIPPED)

----------------------------------------------------------------------


---------- Date: 2018-12-11 21:17:35 ~ IP : ::1 ----------
REQUEST URI : /ij/admin/index.php?route=extension/modification&token=P2qX1rUzMhdj4yRPxRWrBVUbye0uPHau
MOD DETAILS:
   modFile   : C:\xampp\htdocs\ij\vqmod/xml/a_vqmod_d_social_login.xml
   id        : d_social_login
   version   : 2.x
   vqmver    : 2.4.1
   author    : dreamvention.com
VQModObject::parseMods - Could not resolve path for [admin/model/sale/customer.php] (SKIPPED)

MOD DETAILS:
   modFile   : C:\xampp\htdocs\ij\vqmod/xml/newslettersubscription.xml
   id        : Indian Rupee Symbol
   version   : 2.0
   vqmver    : 2.4.1
   author    : IRSSOFT
VQModObject::parseMods - Could not resolve path for [admin/controller/common/menu.php] (SKIPPED)
VQModObject::parseMods - Could not resolve path for [admin/view/template/common/menu.tpl] (SKIPPED)

----------------------------------------------------------------------


---------- Date: 2018-12-11 21:18:16 ~ IP : ::1 ----------
REQUEST URI : /ij/admin/index.php?route=extension/modification&token=P2qX1rUzMhdj4yRPxRWrBVUbye0uPHau
MOD DETAILS:
   modFile   : C:\xampp\htdocs\ij\vqmod/xml/a_vqmod_d_social_login.xml
   id        : d_social_login
   version   : 2.x
   vqmver    : 2.4.1
   author    : dreamvention.com
VQModObject::parseMods - Could not resolve path for [admin/model/sale/customer.php] (SKIPPED)

MOD DETAILS:
   modFile   : C:\xampp\htdocs\ij\vqmod/xml/newslettersubscription.xml
   id        : Indian Rupee Symbol
   version   : 2.0
   vqmver    : 2.4.1
   author    : IRSSOFT
VQModObject::parseMods - Could not resolve path for [admin/controller/common/menu.php] (SKIPPED)
VQModObject::parseMods - Could not resolve path for [admin/view/template/common/menu.tpl] (SKIPPED)

----------------------------------------------------------------------


---------- Date: 2018-12-11 21:26:48 ~ IP : ::1 ----------
REQUEST URI : /ij/admin/index.php?route=extension/modification&token=yzg3nxrNwM7bsvFHP6RhNDNKg2elKi7q
MOD DETAILS:
   modFile   : C:\xampp\htdocs\ij\vqmod/xml/a_vqmod_d_social_login.xml
   id        : d_social_login
   version   : 2.x
   vqmver    : 2.4.1
   author    : dreamvention.com
VQModObject::parseMods - Could not resolve path for [admin/model/sale/customer.php] (SKIPPED)

MOD DETAILS:
   modFile   : C:\xampp\htdocs\ij\vqmod/xml/newslettersubscription.xml
   id        : Indian Rupee Symbol
   version   : 2.0
   vqmver    : 2.4.1
   author    : IRSSOFT
VQModObject::parseMods - Could not resolve path for [admin/controller/common/menu.php] (SKIPPED)
VQModObject::parseMods - Could not resolve path for [admin/view/template/common/menu.tpl] (SKIPPED)

----------------------------------------------------------------------


---------- Date: 2018-12-11 21:26:55 ~ IP : ::1 ----------
REQUEST URI : /ij/admin/index.php?route=extension/modification&token=yzg3nxrNwM7bsvFHP6RhNDNKg2elKi7q
MOD DETAILS:
   modFile   : C:\xampp\htdocs\ij\vqmod/xml/a_vqmod_d_social_login.xml
   id        : d_social_login
   version   : 2.x
   vqmver    : 2.4.1
   author    : dreamvention.com
VQModObject::parseMods - Could not resolve path for [admin/model/sale/customer.php] (SKIPPED)

MOD DETAILS:
   modFile   : C:\xampp\htdocs\ij\vqmod/xml/newslettersubscription.xml
   id        : Indian Rupee Symbol
   version   : 2.0
   vqmver    : 2.4.1
   author    : IRSSOFT
VQModObject::parseMods - Could not resolve path for [admin/controller/common/menu.php] (SKIPPED)
VQModObject::parseMods - Could not resolve path for [admin/view/template/common/menu.tpl] (SKIPPED)

----------------------------------------------------------------------


