---------- Date: 2018-12-12 15:17:18 ~ IP : ::1 ----------
REQUEST URI : /ij/admin/index.php?route=extension/modification&token=yzg3nxrNwM7bsvFHP6RhNDNKg2elKi7q
MOD DETAILS:
   modFile   : C:\xampp\htdocs\ij\vqmod/xml/a_vqmod_d_social_login.xml
   id        : d_social_login
   version   : 2.x
   vqmver    : 2.4.1
   author    : dreamvention.com
VQModObject::parseMods - Could not resolve path for [admin/model/sale/customer.php] (SKIPPED)

MOD DETAILS:
   modFile   : C:\xampp\htdocs\ij\vqmod/xml/newslettersubscription.xml
   id        : Indian Rupee Symbol
   version   : 2.0
   vqmver    : 2.4.1
   author    : IRSSOFT
VQModObject::parseMods - Could not resolve path for [admin/controller/common/menu.php] (SKIPPED)
VQModObject::parseMods - Could not resolve path for [admin/view/template/common/menu.tpl] (SKIPPED)

----------------------------------------------------------------------


---------- Date: 2018-12-12 17:27:57 ~ IP : ::1 ----------
REQUEST URI : /ij/admin/index.php?route=extension/modification&token=a9zn9m70NDYPPe3eH8vwtKUYm6dspBt3
MOD DETAILS:
   modFile   : C:\xampp\htdocs\ij\vqmod/xml/a_vqmod_d_social_login.xml
   id        : d_social_login
   version   : 2.x
   vqmver    : 2.4.1
   author    : dreamvention.com
VQModObject::parseMods - Could not resolve path for [admin/model/sale/customer.php] (SKIPPED)

MOD DETAILS:
   modFile   : C:\xampp\htdocs\ij\vqmod/xml/newslettersubscription.xml
   id        : Indian Rupee Symbol
   version   : 2.0
   vqmver    : 2.4.1
   author    : IRSSOFT
VQModObject::parseMods - Could not resolve path for [admin/controller/common/menu.php] (SKIPPED)
VQModObject::parseMods - Could not resolve path for [admin/view/template/common/menu.tpl] (SKIPPED)

----------------------------------------------------------------------


---------- Date: 2018-12-12 17:29:17 ~ IP : ::1 ----------
REQUEST URI : /ij/admin/index.php?route=extension/modification&token=a9zn9m70NDYPPe3eH8vwtKUYm6dspBt3
MOD DETAILS:
   modFile   : C:\xampp\htdocs\ij\vqmod/xml/a_vqmod_d_social_login.xml
   id        : d_social_login
   version   : 2.x
   vqmver    : 2.4.1
   author    : dreamvention.com
VQModObject::parseMods - Could not resolve path for [admin/model/sale/customer.php] (SKIPPED)

MOD DETAILS:
   modFile   : C:\xampp\htdocs\ij\vqmod/xml/newslettersubscription.xml
   id        : Indian Rupee Symbol
   version   : 2.0
   vqmver    : 2.4.1
   author    : IRSSOFT
VQModObject::parseMods - Could not resolve path for [admin/controller/common/menu.php] (SKIPPED)
VQModObject::parseMods - Could not resolve path for [admin/view/template/common/menu.tpl] (SKIPPED)

----------------------------------------------------------------------


---------- Date: 2018-12-12 17:30:04 ~ IP : ::1 ----------
REQUEST URI : /ij/admin/index.php?route=extension/modification&token=a9zn9m70NDYPPe3eH8vwtKUYm6dspBt3
MOD DETAILS:
   modFile   : C:\xampp\htdocs\ij\vqmod/xml/a_vqmod_d_social_login.xml
   id        : d_social_login
   version   : 2.x
   vqmver    : 2.4.1
   author    : dreamvention.com
VQModObject::parseMods - Could not resolve path for [admin/model/sale/customer.php] (SKIPPED)

MOD DETAILS:
   modFile   : C:\xampp\htdocs\ij\vqmod/xml/newslettersubscription.xml
   id        : Indian Rupee Symbol
   version   : 2.0
   vqmver    : 2.4.1
   author    : IRSSOFT
VQModObject::parseMods - Could not resolve path for [admin/controller/common/menu.php] (SKIPPED)
VQModObject::parseMods - Could not resolve path for [admin/view/template/common/menu.tpl] (SKIPPED)

----------------------------------------------------------------------


---------- Date: 2018-12-12 17:32:02 ~ IP : ::1 ----------
REQUEST URI : /ij/admin/index.php?route=extension/modification&token=a9zn9m70NDYPPe3eH8vwtKUYm6dspBt3
MOD DETAILS:
   modFile   : C:\xampp\htdocs\ij\vqmod/xml/a_vqmod_d_social_login.xml
   id        : d_social_login
   version   : 2.x
   vqmver    : 2.4.1
   author    : dreamvention.com
VQModObject::parseMods - Could not resolve path for [admin/model/sale/customer.php] (SKIPPED)

MOD DETAILS:
   modFile   : C:\xampp\htdocs\ij\vqmod/xml/newslettersubscription.xml
   id        : Indian Rupee Symbol
   version   : 2.0
   vqmver    : 2.4.1
   author    : IRSSOFT
VQModObject::parseMods - Could not resolve path for [admin/controller/common/menu.php] (SKIPPED)
VQModObject::parseMods - Could not resolve path for [admin/view/template/common/menu.tpl] (SKIPPED)

----------------------------------------------------------------------


---------- Date: 2018-12-12 18:26:42 ~ IP : ::1 ----------
REQUEST URI : /ij/admin/index.php?route=extension/modification&token=OPXClEDzGOUmXX3ooOGXwR3oCkwEJldt
MOD DETAILS:
   modFile   : C:\xampp\htdocs\ij\vqmod/xml/a_vqmod_d_social_login.xml
   id        : d_social_login
   version   : 2.x
   vqmver    : 2.4.1
   author    : dreamvention.com
VQModObject::parseMods - Could not resolve path for [admin/model/sale/customer.php] (SKIPPED)

MOD DETAILS:
   modFile   : C:\xampp\htdocs\ij\vqmod/xml/newslettersubscription.xml
   id        : Indian Rupee Symbol
   version   : 2.0
   vqmver    : 2.4.1
   author    : IRSSOFT
VQModObject::parseMods - Could not resolve path for [admin/controller/common/menu.php] (SKIPPED)
VQModObject::parseMods - Could not resolve path for [admin/view/template/common/menu.tpl] (SKIPPED)

----------------------------------------------------------------------


---------- Date: 2018-12-12 18:28:51 ~ IP : ::1 ----------
REQUEST URI : /ij/admin/index.php?route=extension/modification&token=OPXClEDzGOUmXX3ooOGXwR3oCkwEJldt
MOD DETAILS:
   modFile   : C:\xampp\htdocs\ij\vqmod/xml/a_vqmod_d_social_login.xml
   id        : d_social_login
   version   : 2.x
   vqmver    : 2.4.1
   author    : dreamvention.com
VQModObject::parseMods - Could not resolve path for [admin/model/sale/customer.php] (SKIPPED)

MOD DETAILS:
   modFile   : C:\xampp\htdocs\ij\vqmod/xml/newslettersubscription.xml
   id        : Indian Rupee Symbol
   version   : 2.0
   vqmver    : 2.4.1
   author    : IRSSOFT
VQModObject::parseMods - Could not resolve path for [admin/controller/common/menu.php] (SKIPPED)
VQModObject::parseMods - Could not resolve path for [admin/view/template/common/menu.tpl] (SKIPPED)

----------------------------------------------------------------------


---------- Date: 2018-12-12 19:54:33 ~ IP : ::1 ----------
REQUEST URI : /ij/admin/index.php?route=extension/modification&token=OClvFtmsiokLEY7BC4gJIvUGG7GMftzM
MOD DETAILS:
   modFile   : C:\xampp\htdocs\ij\vqmod/xml/a_vqmod_d_social_login.xml
   id        : d_social_login
   version   : 2.x
   vqmver    : 2.4.1
   author    : dreamvention.com
VQModObject::parseMods - Could not resolve path for [admin/model/sale/customer.php] (SKIPPED)

MOD DETAILS:
   modFile   : C:\xampp\htdocs\ij\vqmod/xml/newslettersubscription.xml
   id        : Indian Rupee Symbol
   version   : 2.0
   vqmver    : 2.4.1
   author    : IRSSOFT
VQModObject::parseMods - Could not resolve path for [admin/controller/common/menu.php] (SKIPPED)
VQModObject::parseMods - Could not resolve path for [admin/view/template/common/menu.tpl] (SKIPPED)

----------------------------------------------------------------------


---------- Date: 2018-12-12 20:07:02 ~ IP : ::1 ----------
REQUEST URI : /ij/admin/index.php?route=extension/modification&token=OClvFtmsiokLEY7BC4gJIvUGG7GMftzM
MOD DETAILS:
   modFile   : C:\xampp\htdocs\ij\vqmod/xml/a_vqmod_d_social_login.xml
   id        : d_social_login
   version   : 2.x
   vqmver    : 2.4.1
   author    : dreamvention.com
VQModObject::parseMods - Could not resolve path for [admin/model/sale/customer.php] (SKIPPED)

MOD DETAILS:
   modFile   : C:\xampp\htdocs\ij\vqmod/xml/newslettersubscription.xml
   id        : Indian Rupee Symbol
   version   : 2.0
   vqmver    : 2.4.1
   author    : IRSSOFT
VQModObject::parseMods - Could not resolve path for [admin/controller/common/menu.php] (SKIPPED)
VQModObject::parseMods - Could not resolve path for [admin/view/template/common/menu.tpl] (SKIPPED)

----------------------------------------------------------------------


---------- Date: 2018-12-12 20:15:25 ~ IP : ::1 ----------
REQUEST URI : /ij/admin/index.php?route=extension/modification&token=OClvFtmsiokLEY7BC4gJIvUGG7GMftzM
MOD DETAILS:
   modFile   : C:\xampp\htdocs\ij\vqmod/xml/a_vqmod_d_social_login.xml
   id        : d_social_login
   version   : 2.x
   vqmver    : 2.4.1
   author    : dreamvention.com
VQModObject::parseMods - Could not resolve path for [admin/model/sale/customer.php] (SKIPPED)

MOD DETAILS:
   modFile   : C:\xampp\htdocs\ij\vqmod/xml/newslettersubscription.xml
   id        : Indian Rupee Symbol
   version   : 2.0
   vqmver    : 2.4.1
   author    : IRSSOFT
VQModObject::parseMods - Could not resolve path for [admin/controller/common/menu.php] (SKIPPED)
VQModObject::parseMods - Could not resolve path for [admin/view/template/common/menu.tpl] (SKIPPED)

----------------------------------------------------------------------


---------- Date: 2018-12-12 20:20:40 ~ IP : ::1 ----------
REQUEST URI : /ij/admin/index.php?route=extension/modification&token=OClvFtmsiokLEY7BC4gJIvUGG7GMftzM
MOD DETAILS:
   modFile   : C:\xampp\htdocs\ij\vqmod/xml/a_vqmod_d_social_login.xml
   id        : d_social_login
   version   : 2.x
   vqmver    : 2.4.1
   author    : dreamvention.com
VQModObject::parseMods - Could not resolve path for [admin/model/sale/customer.php] (SKIPPED)

MOD DETAILS:
   modFile   : C:\xampp\htdocs\ij\vqmod/xml/newslettersubscription.xml
   id        : Indian Rupee Symbol
   version   : 2.0
   vqmver    : 2.4.1
   author    : IRSSOFT
VQModObject::parseMods - Could not resolve path for [admin/controller/common/menu.php] (SKIPPED)
VQModObject::parseMods - Could not resolve path for [admin/view/template/common/menu.tpl] (SKIPPED)

----------------------------------------------------------------------


---------- Date: 2018-12-12 20:22:49 ~ IP : ::1 ----------
REQUEST URI : /ij/admin/index.php?route=catalog/product&token=OClvFtmsiokLEY7BC4gJIvUGG7GMftzM
MOD DETAILS:
   modFile   : C:\xampp\htdocs\ij\vqmod/xml/a_vqmod_d_social_login.xml
   id        : d_social_login
   version   : 2.x
   vqmver    : 2.4.1
   author    : dreamvention.com
VQModObject::parseMods - Could not resolve path for [admin/model/sale/customer.php] (SKIPPED)

MOD DETAILS:
   modFile   : C:\xampp\htdocs\ij\vqmod/xml/newslettersubscription.xml
   id        : Indian Rupee Symbol
   version   : 2.0
   vqmver    : 2.4.1
   author    : IRSSOFT
VQModObject::parseMods - Could not resolve path for [admin/controller/common/menu.php] (SKIPPED)
VQModObject::parseMods - Could not resolve path for [admin/view/template/common/menu.tpl] (SKIPPED)

----------------------------------------------------------------------


---------- Date: 2018-12-12 20:26:53 ~ IP : ::1 ----------
REQUEST URI : /ij/admin/index.php?route=extension/modification&token=OClvFtmsiokLEY7BC4gJIvUGG7GMftzM
MOD DETAILS:
   modFile   : C:\xampp\htdocs\ij\vqmod/xml/a_vqmod_d_social_login.xml
   id        : d_social_login
   version   : 2.x
   vqmver    : 2.4.1
   author    : dreamvention.com
VQModObject::parseMods - Could not resolve path for [admin/model/sale/customer.php] (SKIPPED)

MOD DETAILS:
   modFile   : C:\xampp\htdocs\ij\vqmod/xml/newslettersubscription.xml
   id        : Indian Rupee Symbol
   version   : 2.0
   vqmver    : 2.4.1
   author    : IRSSOFT
VQModObject::parseMods - Could not resolve path for [admin/controller/common/menu.php] (SKIPPED)
VQModObject::parseMods - Could not resolve path for [admin/view/template/common/menu.tpl] (SKIPPED)

----------------------------------------------------------------------


---------- Date: 2018-12-12 20:27:34 ~ IP : ::1 ----------
REQUEST URI : /ij/admin/index.php?route=extension/modification&token=OClvFtmsiokLEY7BC4gJIvUGG7GMftzM
MOD DETAILS:
   modFile   : C:\xampp\htdocs\ij\vqmod/xml/a_vqmod_d_social_login.xml
   id        : d_social_login
   version   : 2.x
   vqmver    : 2.4.1
   author    : dreamvention.com
VQModObject::parseMods - Could not resolve path for [admin/model/sale/customer.php] (SKIPPED)

MOD DETAILS:
   modFile   : C:\xampp\htdocs\ij\vqmod/xml/newslettersubscription.xml
   id        : Indian Rupee Symbol
   version   : 2.0
   vqmver    : 2.4.1
   author    : IRSSOFT
VQModObject::parseMods - Could not resolve path for [admin/controller/common/menu.php] (SKIPPED)
VQModObject::parseMods - Could not resolve path for [admin/view/template/common/menu.tpl] (SKIPPED)

----------------------------------------------------------------------


---------- Date: 2018-12-12 20:29:25 ~ IP : ::1 ----------
REQUEST URI : /ij/admin/index.php?route=extension/modification&token=OClvFtmsiokLEY7BC4gJIvUGG7GMftzM
MOD DETAILS:
   modFile   : C:\xampp\htdocs\ij\vqmod/xml/a_vqmod_d_social_login.xml
   id        : d_social_login
   version   : 2.x
   vqmver    : 2.4.1
   author    : dreamvention.com
VQModObject::parseMods - Could not resolve path for [admin/model/sale/customer.php] (SKIPPED)

MOD DETAILS:
   modFile   : C:\xampp\htdocs\ij\vqmod/xml/newslettersubscription.xml
   id        : Indian Rupee Symbol
   version   : 2.0
   vqmver    : 2.4.1
   author    : IRSSOFT
VQModObject::parseMods - Could not resolve path for [admin/controller/common/menu.php] (SKIPPED)
VQModObject::parseMods - Could not resolve path for [admin/view/template/common/menu.tpl] (SKIPPED)

----------------------------------------------------------------------


---------- Date: 2018-12-12 20:30:50 ~ IP : ::1 ----------
REQUEST URI : /ij/admin/index.php?route=extension/modification&token=OClvFtmsiokLEY7BC4gJIvUGG7GMftzM
MOD DETAILS:
   modFile   : C:\xampp\htdocs\ij\vqmod/xml/a_vqmod_d_social_login.xml
   id        : d_social_login
   version   : 2.x
   vqmver    : 2.4.1
   author    : dreamvention.com
VQModObject::parseMods - Could not resolve path for [admin/model/sale/customer.php] (SKIPPED)

MOD DETAILS:
   modFile   : C:\xampp\htdocs\ij\vqmod/xml/newslettersubscription.xml
   id        : Indian Rupee Symbol
   version   : 2.0
   vqmver    : 2.4.1
   author    : IRSSOFT
VQModObject::parseMods - Could not resolve path for [admin/controller/common/menu.php] (SKIPPED)
VQModObject::parseMods - Could not resolve path for [admin/view/template/common/menu.tpl] (SKIPPED)

----------------------------------------------------------------------


---------- Date: 2018-12-12 20:33:01 ~ IP : ::1 ----------
REQUEST URI : /ij/admin/index.php?route=extension/modification&token=OClvFtmsiokLEY7BC4gJIvUGG7GMftzM
MOD DETAILS:
   modFile   : C:\xampp\htdocs\ij\vqmod/xml/a_vqmod_d_social_login.xml
   id        : d_social_login
   version   : 2.x
   vqmver    : 2.4.1
   author    : dreamvention.com
VQModObject::parseMods - Could not resolve path for [admin/model/sale/customer.php] (SKIPPED)

MOD DETAILS:
   modFile   : C:\xampp\htdocs\ij\vqmod/xml/newslettersubscription.xml
   id        : Indian Rupee Symbol
   version   : 2.0
   vqmver    : 2.4.1
   author    : IRSSOFT
VQModObject::parseMods - Could not resolve path for [admin/controller/common/menu.php] (SKIPPED)
VQModObject::parseMods - Could not resolve path for [admin/view/template/common/menu.tpl] (SKIPPED)

----------------------------------------------------------------------


---------- Date: 2018-12-12 20:34:11 ~ IP : ::1 ----------
REQUEST URI : /ij/admin/index.php?route=extension/modification&token=OClvFtmsiokLEY7BC4gJIvUGG7GMftzM
MOD DETAILS:
   modFile   : C:\xampp\htdocs\ij\vqmod/xml/a_vqmod_d_social_login.xml
   id        : d_social_login
   version   : 2.x
   vqmver    : 2.4.1
   author    : dreamvention.com
VQModObject::parseMods - Could not resolve path for [admin/model/sale/customer.php] (SKIPPED)

MOD DETAILS:
   modFile   : C:\xampp\htdocs\ij\vqmod/xml/newslettersubscription.xml
   id        : Indian Rupee Symbol
   version   : 2.0
   vqmver    : 2.4.1
   author    : IRSSOFT
VQModObject::parseMods - Could not resolve path for [admin/controller/common/menu.php] (SKIPPED)
VQModObject::parseMods - Could not resolve path for [admin/view/template/common/menu.tpl] (SKIPPED)

----------------------------------------------------------------------


---------- Date: 2018-12-12 20:35:18 ~ IP : ::1 ----------
REQUEST URI : /ij/admin/index.php?route=extension/modification&token=OClvFtmsiokLEY7BC4gJIvUGG7GMftzM
MOD DETAILS:
   modFile   : C:\xampp\htdocs\ij\vqmod/xml/a_vqmod_d_social_login.xml
   id        : d_social_login
   version   : 2.x
   vqmver    : 2.4.1
   author    : dreamvention.com
VQModObject::parseMods - Could not resolve path for [admin/model/sale/customer.php] (SKIPPED)

MOD DETAILS:
   modFile   : C:\xampp\htdocs\ij\vqmod/xml/newslettersubscription.xml
   id        : Indian Rupee Symbol
   version   : 2.0
   vqmver    : 2.4.1
   author    : IRSSOFT
VQModObject::parseMods - Could not resolve path for [admin/controller/common/menu.php] (SKIPPED)
VQModObject::parseMods - Could not resolve path for [admin/view/template/common/menu.tpl] (SKIPPED)

----------------------------------------------------------------------


---------- Date: 2018-12-12 20:36:02 ~ IP : ::1 ----------
REQUEST URI : /ij/admin/index.php?route=extension/modification&token=OClvFtmsiokLEY7BC4gJIvUGG7GMftzM
MOD DETAILS:
   modFile   : C:\xampp\htdocs\ij\vqmod/xml/a_vqmod_d_social_login.xml
   id        : d_social_login
   version   : 2.x
   vqmver    : 2.4.1
   author    : dreamvention.com
VQModObject::parseMods - Could not resolve path for [admin/model/sale/customer.php] (SKIPPED)

MOD DETAILS:
   modFile   : C:\xampp\htdocs\ij\vqmod/xml/newslettersubscription.xml
   id        : Indian Rupee Symbol
   version   : 2.0
   vqmver    : 2.4.1
   author    : IRSSOFT
VQModObject::parseMods - Could not resolve path for [admin/controller/common/menu.php] (SKIPPED)
VQModObject::parseMods - Could not resolve path for [admin/view/template/common/menu.tpl] (SKIPPED)

----------------------------------------------------------------------


---------- Date: 2018-12-12 20:37:58 ~ IP : ::1 ----------
REQUEST URI : /ij/admin/index.php?route=extension/modification&token=OClvFtmsiokLEY7BC4gJIvUGG7GMftzM
MOD DETAILS:
   modFile   : C:\xampp\htdocs\ij\vqmod/xml/a_vqmod_d_social_login.xml
   id        : d_social_login
   version   : 2.x
   vqmver    : 2.4.1
   author    : dreamvention.com
VQModObject::parseMods - Could not resolve path for [admin/model/sale/customer.php] (SKIPPED)

MOD DETAILS:
   modFile   : C:\xampp\htdocs\ij\vqmod/xml/newslettersubscription.xml
   id        : Indian Rupee Symbol
   version   : 2.0
   vqmver    : 2.4.1
   author    : IRSSOFT
VQModObject::parseMods - Could not resolve path for [admin/controller/common/menu.php] (SKIPPED)
VQModObject::parseMods - Could not resolve path for [admin/view/template/common/menu.tpl] (SKIPPED)

----------------------------------------------------------------------


---------- Date: 2018-12-12 20:39:59 ~ IP : ::1 ----------
REQUEST URI : /ij/admin/index.php?route=extension/modification&token=OClvFtmsiokLEY7BC4gJIvUGG7GMftzM
MOD DETAILS:
   modFile   : C:\xampp\htdocs\ij\vqmod/xml/a_vqmod_d_social_login.xml
   id        : d_social_login
   version   : 2.x
   vqmver    : 2.4.1
   author    : dreamvention.com
VQModObject::parseMods - Could not resolve path for [admin/model/sale/customer.php] (SKIPPED)

MOD DETAILS:
   modFile   : C:\xampp\htdocs\ij\vqmod/xml/newslettersubscription.xml
   id        : Indian Rupee Symbol
   version   : 2.0
   vqmver    : 2.4.1
   author    : IRSSOFT
VQModObject::parseMods - Could not resolve path for [admin/controller/common/menu.php] (SKIPPED)
VQModObject::parseMods - Could not resolve path for [admin/view/template/common/menu.tpl] (SKIPPED)

----------------------------------------------------------------------


---------- Date: 2018-12-12 20:41:47 ~ IP : ::1 ----------
REQUEST URI : /ij/admin/index.php?route=extension/modification&token=OClvFtmsiokLEY7BC4gJIvUGG7GMftzM
MOD DETAILS:
   modFile   : C:\xampp\htdocs\ij\vqmod/xml/a_vqmod_d_social_login.xml
   id        : d_social_login
   version   : 2.x
   vqmver    : 2.4.1
   author    : dreamvention.com
VQModObject::parseMods - Could not resolve path for [admin/model/sale/customer.php] (SKIPPED)

MOD DETAILS:
   modFile   : C:\xampp\htdocs\ij\vqmod/xml/newslettersubscription.xml
   id        : Indian Rupee Symbol
   version   : 2.0
   vqmver    : 2.4.1
   author    : IRSSOFT
VQModObject::parseMods - Could not resolve path for [admin/controller/common/menu.php] (SKIPPED)
VQModObject::parseMods - Could not resolve path for [admin/view/template/common/menu.tpl] (SKIPPED)

----------------------------------------------------------------------


---------- Date: 2018-12-12 20:42:43 ~ IP : ::1 ----------
REQUEST URI : /ij/admin/index.php?route=extension/modification&token=OClvFtmsiokLEY7BC4gJIvUGG7GMftzM
MOD DETAILS:
   modFile   : C:\xampp\htdocs\ij\vqmod/xml/a_vqmod_d_social_login.xml
   id        : d_social_login
   version   : 2.x
   vqmver    : 2.4.1
   author    : dreamvention.com
VQModObject::parseMods - Could not resolve path for [admin/model/sale/customer.php] (SKIPPED)

MOD DETAILS:
   modFile   : C:\xampp\htdocs\ij\vqmod/xml/newslettersubscription.xml
   id        : Indian Rupee Symbol
   version   : 2.0
   vqmver    : 2.4.1
   author    : IRSSOFT
VQModObject::parseMods - Could not resolve path for [admin/controller/common/menu.php] (SKIPPED)
VQModObject::parseMods - Could not resolve path for [admin/view/template/common/menu.tpl] (SKIPPED)

----------------------------------------------------------------------


---------- Date: 2018-12-12 20:43:45 ~ IP : ::1 ----------
REQUEST URI : /ij/admin/index.php?route=extension/modification&token=OClvFtmsiokLEY7BC4gJIvUGG7GMftzM
MOD DETAILS:
   modFile   : C:\xampp\htdocs\ij\vqmod/xml/a_vqmod_d_social_login.xml
   id        : d_social_login
   version   : 2.x
   vqmver    : 2.4.1
   author    : dreamvention.com
VQModObject::parseMods - Could not resolve path for [admin/model/sale/customer.php] (SKIPPED)

MOD DETAILS:
   modFile   : C:\xampp\htdocs\ij\vqmod/xml/newslettersubscription.xml
   id        : Indian Rupee Symbol
   version   : 2.0
   vqmver    : 2.4.1
   author    : IRSSOFT
VQModObject::parseMods - Could not resolve path for [admin/controller/common/menu.php] (SKIPPED)
VQModObject::parseMods - Could not resolve path for [admin/view/template/common/menu.tpl] (SKIPPED)

----------------------------------------------------------------------


---------- Date: 2018-12-12 20:44:33 ~ IP : ::1 ----------
REQUEST URI : /ij/admin/index.php?route=extension/modification&token=OClvFtmsiokLEY7BC4gJIvUGG7GMftzM
MOD DETAILS:
   modFile   : C:\xampp\htdocs\ij\vqmod/xml/a_vqmod_d_social_login.xml
   id        : d_social_login
   version   : 2.x
   vqmver    : 2.4.1
   author    : dreamvention.com
VQModObject::parseMods - Could not resolve path for [admin/model/sale/customer.php] (SKIPPED)

MOD DETAILS:
   modFile   : C:\xampp\htdocs\ij\vqmod/xml/newslettersubscription.xml
   id        : Indian Rupee Symbol
   version   : 2.0
   vqmver    : 2.4.1
   author    : IRSSOFT
VQModObject::parseMods - Could not resolve path for [admin/controller/common/menu.php] (SKIPPED)
VQModObject::parseMods - Could not resolve path for [admin/view/template/common/menu.tpl] (SKIPPED)

----------------------------------------------------------------------


---------- Date: 2018-12-12 20:46:07 ~ IP : ::1 ----------
REQUEST URI : /ij/admin/index.php?route=extension/modification&token=OClvFtmsiokLEY7BC4gJIvUGG7GMftzM
MOD DETAILS:
   modFile   : C:\xampp\htdocs\ij\vqmod/xml/a_vqmod_d_social_login.xml
   id        : d_social_login
   version   : 2.x
   vqmver    : 2.4.1
   author    : dreamvention.com
VQModObject::parseMods - Could not resolve path for [admin/model/sale/customer.php] (SKIPPED)

MOD DETAILS:
   modFile   : C:\xampp\htdocs\ij\vqmod/xml/newslettersubscription.xml
   id        : Indian Rupee Symbol
   version   : 2.0
   vqmver    : 2.4.1
   author    : IRSSOFT
VQModObject::parseMods - Could not resolve path for [admin/controller/common/menu.php] (SKIPPED)
VQModObject::parseMods - Could not resolve path for [admin/view/template/common/menu.tpl] (SKIPPED)

----------------------------------------------------------------------


---------- Date: 2018-12-12 20:47:26 ~ IP : ::1 ----------
REQUEST URI : /ij/admin/index.php?route=extension/modification&token=OClvFtmsiokLEY7BC4gJIvUGG7GMftzM
MOD DETAILS:
   modFile   : C:\xampp\htdocs\ij\vqmod/xml/a_vqmod_d_social_login.xml
   id        : d_social_login
   version   : 2.x
   vqmver    : 2.4.1
   author    : dreamvention.com
VQModObject::parseMods - Could not resolve path for [admin/model/sale/customer.php] (SKIPPED)

MOD DETAILS:
   modFile   : C:\xampp\htdocs\ij\vqmod/xml/newslettersubscription.xml
   id        : Indian Rupee Symbol
   version   : 2.0
   vqmver    : 2.4.1
   author    : IRSSOFT
VQModObject::parseMods - Could not resolve path for [admin/controller/common/menu.php] (SKIPPED)
VQModObject::parseMods - Could not resolve path for [admin/view/template/common/menu.tpl] (SKIPPED)

----------------------------------------------------------------------


---------- Date: 2018-12-12 20:48:31 ~ IP : ::1 ----------
REQUEST URI : /ij/index.php?route=product/product&product_id=47
MOD DETAILS:
   modFile   : C:\xampp\htdocs\ij\vqmod/xml/a_vqmod_d_social_login.xml
   id        : d_social_login
   version   : 2.x
   vqmver    : 2.4.1
   author    : dreamvention.com
VQModObject::parseMods - Could not resolve path for [admin/model/sale/customer.php] (SKIPPED)

MOD DETAILS:
   modFile   : C:\xampp\htdocs\ij\vqmod/xml/newslettersubscription.xml
   id        : Indian Rupee Symbol
   version   : 2.0
   vqmver    : 2.4.1
   author    : IRSSOFT
VQModObject::parseMods - Could not resolve path for [admin/controller/common/menu.php] (SKIPPED)
VQModObject::parseMods - Could not resolve path for [admin/view/template/common/menu.tpl] (SKIPPED)

----------------------------------------------------------------------


---------- Date: 2018-12-12 20:49:08 ~ IP : ::1 ----------
REQUEST URI : /ij/admin/index.php?route=extension/modification&token=OClvFtmsiokLEY7BC4gJIvUGG7GMftzM
MOD DETAILS:
   modFile   : C:\xampp\htdocs\ij\vqmod/xml/a_vqmod_d_social_login.xml
   id        : d_social_login
   version   : 2.x
   vqmver    : 2.4.1
   author    : dreamvention.com
VQModObject::parseMods - Could not resolve path for [admin/model/sale/customer.php] (SKIPPED)

MOD DETAILS:
   modFile   : C:\xampp\htdocs\ij\vqmod/xml/newslettersubscription.xml
   id        : Indian Rupee Symbol
   version   : 2.0
   vqmver    : 2.4.1
   author    : IRSSOFT
VQModObject::parseMods - Could not resolve path for [admin/controller/common/menu.php] (SKIPPED)
VQModObject::parseMods - Could not resolve path for [admin/view/template/common/menu.tpl] (SKIPPED)

----------------------------------------------------------------------


---------- Date: 2018-12-12 20:51:05 ~ IP : ::1 ----------
REQUEST URI : /ij/admin/index.php?route=extension/modification&token=OClvFtmsiokLEY7BC4gJIvUGG7GMftzM
MOD DETAILS:
   modFile   : C:\xampp\htdocs\ij\vqmod/xml/a_vqmod_d_social_login.xml
   id        : d_social_login
   version   : 2.x
   vqmver    : 2.4.1
   author    : dreamvention.com
VQModObject::parseMods - Could not resolve path for [admin/model/sale/customer.php] (SKIPPED)

MOD DETAILS:
   modFile   : C:\xampp\htdocs\ij\vqmod/xml/newslettersubscription.xml
   id        : Indian Rupee Symbol
   version   : 2.0
   vqmver    : 2.4.1
   author    : IRSSOFT
VQModObject::parseMods - Could not resolve path for [admin/controller/common/menu.php] (SKIPPED)
VQModObject::parseMods - Could not resolve path for [admin/view/template/common/menu.tpl] (SKIPPED)

----------------------------------------------------------------------


---------- Date: 2018-12-12 20:54:23 ~ IP : ::1 ----------
REQUEST URI : /ij/admin/index.php?route=extension/modification&token=OClvFtmsiokLEY7BC4gJIvUGG7GMftzM
MOD DETAILS:
   modFile   : C:\xampp\htdocs\ij\vqmod/xml/a_vqmod_d_social_login.xml
   id        : d_social_login
   version   : 2.x
   vqmver    : 2.4.1
   author    : dreamvention.com
VQModObject::parseMods - Could not resolve path for [admin/model/sale/customer.php] (SKIPPED)

MOD DETAILS:
   modFile   : C:\xampp\htdocs\ij\vqmod/xml/newslettersubscription.xml
   id        : Indian Rupee Symbol
   version   : 2.0
   vqmver    : 2.4.1
   author    : IRSSOFT
VQModObject::parseMods - Could not resolve path for [admin/controller/common/menu.php] (SKIPPED)
VQModObject::parseMods - Could not resolve path for [admin/view/template/common/menu.tpl] (SKIPPED)

----------------------------------------------------------------------


---------- Date: 2018-12-12 20:55:08 ~ IP : ::1 ----------
REQUEST URI : /ij/admin/index.php?route=extension/modification&token=OClvFtmsiokLEY7BC4gJIvUGG7GMftzM
MOD DETAILS:
   modFile   : C:\xampp\htdocs\ij\vqmod/xml/a_vqmod_d_social_login.xml
   id        : d_social_login
   version   : 2.x
   vqmver    : 2.4.1
   author    : dreamvention.com
VQModObject::parseMods - Could not resolve path for [admin/model/sale/customer.php] (SKIPPED)

MOD DETAILS:
   modFile   : C:\xampp\htdocs\ij\vqmod/xml/newslettersubscription.xml
   id        : Indian Rupee Symbol
   version   : 2.0
   vqmver    : 2.4.1
   author    : IRSSOFT
VQModObject::parseMods - Could not resolve path for [admin/controller/common/menu.php] (SKIPPED)
VQModObject::parseMods - Could not resolve path for [admin/view/template/common/menu.tpl] (SKIPPED)

----------------------------------------------------------------------


---------- Date: 2018-12-12 20:55:55 ~ IP : ::1 ----------
REQUEST URI : /ij/admin/index.php?route=extension/modification&token=OClvFtmsiokLEY7BC4gJIvUGG7GMftzM
MOD DETAILS:
   modFile   : C:\xampp\htdocs\ij\vqmod/xml/a_vqmod_d_social_login.xml
   id        : d_social_login
   version   : 2.x
   vqmver    : 2.4.1
   author    : dreamvention.com
VQModObject::parseMods - Could not resolve path for [admin/model/sale/customer.php] (SKIPPED)

MOD DETAILS:
   modFile   : C:\xampp\htdocs\ij\vqmod/xml/newslettersubscription.xml
   id        : Indian Rupee Symbol
   version   : 2.0
   vqmver    : 2.4.1
   author    : IRSSOFT
VQModObject::parseMods - Could not resolve path for [admin/controller/common/menu.php] (SKIPPED)
VQModObject::parseMods - Could not resolve path for [admin/view/template/common/menu.tpl] (SKIPPED)

----------------------------------------------------------------------


---------- Date: 2018-12-12 20:56:53 ~ IP : ::1 ----------
REQUEST URI : /ij/admin/index.php?route=extension/modification&token=OClvFtmsiokLEY7BC4gJIvUGG7GMftzM
MOD DETAILS:
   modFile   : C:\xampp\htdocs\ij\vqmod/xml/a_vqmod_d_social_login.xml
   id        : d_social_login
   version   : 2.x
   vqmver    : 2.4.1
   author    : dreamvention.com
VQModObject::parseMods - Could not resolve path for [admin/model/sale/customer.php] (SKIPPED)

MOD DETAILS:
   modFile   : C:\xampp\htdocs\ij\vqmod/xml/newslettersubscription.xml
   id        : Indian Rupee Symbol
   version   : 2.0
   vqmver    : 2.4.1
   author    : IRSSOFT
VQModObject::parseMods - Could not resolve path for [admin/controller/common/menu.php] (SKIPPED)
VQModObject::parseMods - Could not resolve path for [admin/view/template/common/menu.tpl] (SKIPPED)

----------------------------------------------------------------------


---------- Date: 2018-12-12 20:57:45 ~ IP : ::1 ----------
REQUEST URI : /ij/admin/index.php?route=extension/modification&token=OClvFtmsiokLEY7BC4gJIvUGG7GMftzM
MOD DETAILS:
   modFile   : C:\xampp\htdocs\ij\vqmod/xml/a_vqmod_d_social_login.xml
   id        : d_social_login
   version   : 2.x
   vqmver    : 2.4.1
   author    : dreamvention.com
VQModObject::parseMods - Could not resolve path for [admin/model/sale/customer.php] (SKIPPED)

MOD DETAILS:
   modFile   : C:\xampp\htdocs\ij\vqmod/xml/newslettersubscription.xml
   id        : Indian Rupee Symbol
   version   : 2.0
   vqmver    : 2.4.1
   author    : IRSSOFT
VQModObject::parseMods - Could not resolve path for [admin/controller/common/menu.php] (SKIPPED)
VQModObject::parseMods - Could not resolve path for [admin/view/template/common/menu.tpl] (SKIPPED)

----------------------------------------------------------------------


---------- Date: 2018-12-12 20:58:25 ~ IP : ::1 ----------
REQUEST URI : /ij/admin/index.php?route=extension/modification&token=OClvFtmsiokLEY7BC4gJIvUGG7GMftzM
MOD DETAILS:
   modFile   : C:\xampp\htdocs\ij\vqmod/xml/a_vqmod_d_social_login.xml
   id        : d_social_login
   version   : 2.x
   vqmver    : 2.4.1
   author    : dreamvention.com
VQModObject::parseMods - Could not resolve path for [admin/model/sale/customer.php] (SKIPPED)

MOD DETAILS:
   modFile   : C:\xampp\htdocs\ij\vqmod/xml/newslettersubscription.xml
   id        : Indian Rupee Symbol
   version   : 2.0
   vqmver    : 2.4.1
   author    : IRSSOFT
VQModObject::parseMods - Could not resolve path for [admin/controller/common/menu.php] (SKIPPED)
VQModObject::parseMods - Could not resolve path for [admin/view/template/common/menu.tpl] (SKIPPED)

----------------------------------------------------------------------


---------- Date: 2018-12-12 21:00:20 ~ IP : ::1 ----------
REQUEST URI : /ij/admin/index.php?route=extension/modification&token=OClvFtmsiokLEY7BC4gJIvUGG7GMftzM
MOD DETAILS:
   modFile   : C:\xampp\htdocs\ij\vqmod/xml/a_vqmod_d_social_login.xml
   id        : d_social_login
   version   : 2.x
   vqmver    : 2.4.1
   author    : dreamvention.com
VQModObject::parseMods - Could not resolve path for [admin/model/sale/customer.php] (SKIPPED)

MOD DETAILS:
   modFile   : C:\xampp\htdocs\ij\vqmod/xml/newslettersubscription.xml
   id        : Indian Rupee Symbol
   version   : 2.0
   vqmver    : 2.4.1
   author    : IRSSOFT
VQModObject::parseMods - Could not resolve path for [admin/controller/common/menu.php] (SKIPPED)
VQModObject::parseMods - Could not resolve path for [admin/view/template/common/menu.tpl] (SKIPPED)

----------------------------------------------------------------------


---------- Date: 2018-12-12 21:00:35 ~ IP : ::1 ----------
REQUEST URI : /ij/admin/index.php?route=extension/modification&token=OClvFtmsiokLEY7BC4gJIvUGG7GMftzM
MOD DETAILS:
   modFile   : C:\xampp\htdocs\ij\vqmod/xml/a_vqmod_d_social_login.xml
   id        : d_social_login
   version   : 2.x
   vqmver    : 2.4.1
   author    : dreamvention.com
VQModObject::parseMods - Could not resolve path for [admin/model/sale/customer.php] (SKIPPED)

MOD DETAILS:
   modFile   : C:\xampp\htdocs\ij\vqmod/xml/newslettersubscription.xml
   id        : Indian Rupee Symbol
   version   : 2.0
   vqmver    : 2.4.1
   author    : IRSSOFT
VQModObject::parseMods - Could not resolve path for [admin/controller/common/menu.php] (SKIPPED)
VQModObject::parseMods - Could not resolve path for [admin/view/template/common/menu.tpl] (SKIPPED)

----------------------------------------------------------------------


---------- Date: 2018-12-12 21:02:16 ~ IP : ::1 ----------
REQUEST URI : /ij/admin/index.php?route=extension/modification&token=OClvFtmsiokLEY7BC4gJIvUGG7GMftzM
MOD DETAILS:
   modFile   : C:\xampp\htdocs\ij\vqmod/xml/a_vqmod_d_social_login.xml
   id        : d_social_login
   version   : 2.x
   vqmver    : 2.4.1
   author    : dreamvention.com
VQModObject::parseMods - Could not resolve path for [admin/model/sale/customer.php] (SKIPPED)

MOD DETAILS:
   modFile   : C:\xampp\htdocs\ij\vqmod/xml/newslettersubscription.xml
   id        : Indian Rupee Symbol
   version   : 2.0
   vqmver    : 2.4.1
   author    : IRSSOFT
VQModObject::parseMods - Could not resolve path for [admin/controller/common/menu.php] (SKIPPED)
VQModObject::parseMods - Could not resolve path for [admin/view/template/common/menu.tpl] (SKIPPED)

----------------------------------------------------------------------


---------- Date: 2018-12-12 21:03:25 ~ IP : ::1 ----------
REQUEST URI : /ij/admin/index.php?route=extension/modification&token=OClvFtmsiokLEY7BC4gJIvUGG7GMftzM
MOD DETAILS:
   modFile   : C:\xampp\htdocs\ij\vqmod/xml/a_vqmod_d_social_login.xml
   id        : d_social_login
   version   : 2.x
   vqmver    : 2.4.1
   author    : dreamvention.com
VQModObject::parseMods - Could not resolve path for [admin/model/sale/customer.php] (SKIPPED)

MOD DETAILS:
   modFile   : C:\xampp\htdocs\ij\vqmod/xml/newslettersubscription.xml
   id        : Indian Rupee Symbol
   version   : 2.0
   vqmver    : 2.4.1
   author    : IRSSOFT
VQModObject::parseMods - Could not resolve path for [admin/controller/common/menu.php] (SKIPPED)
VQModObject::parseMods - Could not resolve path for [admin/view/template/common/menu.tpl] (SKIPPED)

----------------------------------------------------------------------


---------- Date: 2018-12-12 21:05:04 ~ IP : ::1 ----------
REQUEST URI : /ij/admin/index.php?route=extension/modification&token=OClvFtmsiokLEY7BC4gJIvUGG7GMftzM
MOD DETAILS:
   modFile   : C:\xampp\htdocs\ij\vqmod/xml/a_vqmod_d_social_login.xml
   id        : d_social_login
   version   : 2.x
   vqmver    : 2.4.1
   author    : dreamvention.com
VQModObject::parseMods - Could not resolve path for [admin/model/sale/customer.php] (SKIPPED)

MOD DETAILS:
   modFile   : C:\xampp\htdocs\ij\vqmod/xml/newslettersubscription.xml
   id        : Indian Rupee Symbol
   version   : 2.0
   vqmver    : 2.4.1
   author    : IRSSOFT
VQModObject::parseMods - Could not resolve path for [admin/controller/common/menu.php] (SKIPPED)
VQModObject::parseMods - Could not resolve path for [admin/view/template/common/menu.tpl] (SKIPPED)

----------------------------------------------------------------------


---------- Date: 2018-12-12 21:05:42 ~ IP : ::1 ----------
REQUEST URI : /ij/admin/index.php?route=extension/modification&token=OClvFtmsiokLEY7BC4gJIvUGG7GMftzM
MOD DETAILS:
   modFile   : C:\xampp\htdocs\ij\vqmod/xml/a_vqmod_d_social_login.xml
   id        : d_social_login
   version   : 2.x
   vqmver    : 2.4.1
   author    : dreamvention.com
VQModObject::parseMods - Could not resolve path for [admin/model/sale/customer.php] (SKIPPED)

MOD DETAILS:
   modFile   : C:\xampp\htdocs\ij\vqmod/xml/newslettersubscription.xml
   id        : Indian Rupee Symbol
   version   : 2.0
   vqmver    : 2.4.1
   author    : IRSSOFT
VQModObject::parseMods - Could not resolve path for [admin/controller/common/menu.php] (SKIPPED)
VQModObject::parseMods - Could not resolve path for [admin/view/template/common/menu.tpl] (SKIPPED)

----------------------------------------------------------------------


---------- Date: 2018-12-12 21:07:20 ~ IP : ::1 ----------
REQUEST URI : /ij/admin/index.php?route=extension/modification&token=OClvFtmsiokLEY7BC4gJIvUGG7GMftzM
MOD DETAILS:
   modFile   : C:\xampp\htdocs\ij\vqmod/xml/a_vqmod_d_social_login.xml
   id        : d_social_login
   version   : 2.x
   vqmver    : 2.4.1
   author    : dreamvention.com
VQModObject::parseMods - Could not resolve path for [admin/model/sale/customer.php] (SKIPPED)

MOD DETAILS:
   modFile   : C:\xampp\htdocs\ij\vqmod/xml/newslettersubscription.xml
   id        : Indian Rupee Symbol
   version   : 2.0
   vqmver    : 2.4.1
   author    : IRSSOFT
VQModObject::parseMods - Could not resolve path for [admin/controller/common/menu.php] (SKIPPED)
VQModObject::parseMods - Could not resolve path for [admin/view/template/common/menu.tpl] (SKIPPED)

----------------------------------------------------------------------


---------- Date: 2018-12-12 21:10:41 ~ IP : ::1 ----------
REQUEST URI : /ij/admin/index.php?route=extension/modification&token=OClvFtmsiokLEY7BC4gJIvUGG7GMftzM
MOD DETAILS:
   modFile   : C:\xampp\htdocs\ij\vqmod/xml/a_vqmod_d_social_login.xml
   id        : d_social_login
   version   : 2.x
   vqmver    : 2.4.1
   author    : dreamvention.com
VQModObject::parseMods - Could not resolve path for [admin/model/sale/customer.php] (SKIPPED)

MOD DETAILS:
   modFile   : C:\xampp\htdocs\ij\vqmod/xml/newslettersubscription.xml
   id        : Indian Rupee Symbol
   version   : 2.0
   vqmver    : 2.4.1
   author    : IRSSOFT
VQModObject::parseMods - Could not resolve path for [admin/controller/common/menu.php] (SKIPPED)
VQModObject::parseMods - Could not resolve path for [admin/view/template/common/menu.tpl] (SKIPPED)

----------------------------------------------------------------------


---------- Date: 2018-12-12 21:11:48 ~ IP : ::1 ----------
REQUEST URI : /ij/admin/index.php?route=extension/modification&token=OClvFtmsiokLEY7BC4gJIvUGG7GMftzM
MOD DETAILS:
   modFile   : C:\xampp\htdocs\ij\vqmod/xml/a_vqmod_d_social_login.xml
   id        : d_social_login
   version   : 2.x
   vqmver    : 2.4.1
   author    : dreamvention.com
VQModObject::parseMods - Could not resolve path for [admin/model/sale/customer.php] (SKIPPED)

MOD DETAILS:
   modFile   : C:\xampp\htdocs\ij\vqmod/xml/newslettersubscription.xml
   id        : Indian Rupee Symbol
   version   : 2.0
   vqmver    : 2.4.1
   author    : IRSSOFT
VQModObject::parseMods - Could not resolve path for [admin/controller/common/menu.php] (SKIPPED)
VQModObject::parseMods - Could not resolve path for [admin/view/template/common/menu.tpl] (SKIPPED)

----------------------------------------------------------------------


---------- Date: 2018-12-12 21:16:15 ~ IP : ::1 ----------
REQUEST URI : /ij/index.php?route=product/product&product_id=47
MOD DETAILS:
   modFile   : C:\xampp\htdocs\ij\vqmod/xml/a_vqmod_d_social_login.xml
   id        : d_social_login
   version   : 2.x
   vqmver    : 2.4.1
   author    : dreamvention.com
VQModObject::parseMods - Could not resolve path for [admin/model/sale/customer.php] (SKIPPED)

MOD DETAILS:
   modFile   : C:\xampp\htdocs\ij\vqmod/xml/newslettersubscription.xml
   id        : Indian Rupee Symbol
   version   : 2.0
   vqmver    : 2.4.1
   author    : IRSSOFT
VQModObject::parseMods - Could not resolve path for [admin/controller/common/menu.php] (SKIPPED)
VQModObject::parseMods - Could not resolve path for [admin/view/template/common/menu.tpl] (SKIPPED)

----------------------------------------------------------------------


---------- Date: 2018-12-12 21:16:24 ~ IP : ::1 ----------
REQUEST URI : /ij/admin/index.php?route=extension/modification/refresh&token=OClvFtmsiokLEY7BC4gJIvUGG7GMftzM
MOD DETAILS:
   modFile   : C:\xampp\htdocs\ij\vqmod/xml/a_vqmod_d_social_login.xml
   id        : d_social_login
   version   : 2.x
   vqmver    : 2.4.1
   author    : dreamvention.com
VQModObject::parseMods - Could not resolve path for [admin/model/sale/customer.php] (SKIPPED)

MOD DETAILS:
   modFile   : C:\xampp\htdocs\ij\vqmod/xml/newslettersubscription.xml
   id        : Indian Rupee Symbol
   version   : 2.0
   vqmver    : 2.4.1
   author    : IRSSOFT
VQModObject::parseMods - Could not resolve path for [admin/controller/common/menu.php] (SKIPPED)
VQModObject::parseMods - Could not resolve path for [admin/view/template/common/menu.tpl] (SKIPPED)

----------------------------------------------------------------------


---------- Date: 2018-12-12 21:16:26 ~ IP : ::1 ----------
REQUEST URI : /ij/admin/index.php?route=extension/modification&token=OClvFtmsiokLEY7BC4gJIvUGG7GMftzM
MOD DETAILS:
   modFile   : C:\xampp\htdocs\ij\vqmod/xml/a_vqmod_d_social_login.xml
   id        : d_social_login
   version   : 2.x
   vqmver    : 2.4.1
   author    : dreamvention.com
VQModObject::parseMods - Could not resolve path for [admin/model/sale/customer.php] (SKIPPED)

MOD DETAILS:
   modFile   : C:\xampp\htdocs\ij\vqmod/xml/newslettersubscription.xml
   id        : Indian Rupee Symbol
   version   : 2.0
   vqmver    : 2.4.1
   author    : IRSSOFT
VQModObject::parseMods - Could not resolve path for [admin/controller/common/menu.php] (SKIPPED)
VQModObject::parseMods - Could not resolve path for [admin/view/template/common/menu.tpl] (SKIPPED)

----------------------------------------------------------------------


---------- Date: 2018-12-12 21:19:42 ~ IP : ::1 ----------
REQUEST URI : /ij/admin/index.php?route=extension/modification&token=OClvFtmsiokLEY7BC4gJIvUGG7GMftzM
MOD DETAILS:
   modFile   : C:\xampp\htdocs\ij\vqmod/xml/a_vqmod_d_social_login.xml
   id        : d_social_login
   version   : 2.x
   vqmver    : 2.4.1
   author    : dreamvention.com
VQModObject::parseMods - Could not resolve path for [admin/model/sale/customer.php] (SKIPPED)

MOD DETAILS:
   modFile   : C:\xampp\htdocs\ij\vqmod/xml/newslettersubscription.xml
   id        : Indian Rupee Symbol
   version   : 2.0
   vqmver    : 2.4.1
   author    : IRSSOFT
VQModObject::parseMods - Could not resolve path for [admin/controller/common/menu.php] (SKIPPED)
VQModObject::parseMods - Could not resolve path for [admin/view/template/common/menu.tpl] (SKIPPED)

----------------------------------------------------------------------


---------- Date: 2018-12-12 21:20:32 ~ IP : ::1 ----------
REQUEST URI : /ij/admin/index.php?route=extension/modification&token=OClvFtmsiokLEY7BC4gJIvUGG7GMftzM
MOD DETAILS:
   modFile   : C:\xampp\htdocs\ij\vqmod/xml/a_vqmod_d_social_login.xml
   id        : d_social_login
   version   : 2.x
   vqmver    : 2.4.1
   author    : dreamvention.com
VQModObject::parseMods - Could not resolve path for [admin/model/sale/customer.php] (SKIPPED)

MOD DETAILS:
   modFile   : C:\xampp\htdocs\ij\vqmod/xml/newslettersubscription.xml
   id        : Indian Rupee Symbol
   version   : 2.0
   vqmver    : 2.4.1
   author    : IRSSOFT
VQModObject::parseMods - Could not resolve path for [admin/controller/common/menu.php] (SKIPPED)
VQModObject::parseMods - Could not resolve path for [admin/view/template/common/menu.tpl] (SKIPPED)

----------------------------------------------------------------------


---------- Date: 2018-12-12 21:21:32 ~ IP : ::1 ----------
REQUEST URI : /ij/admin/index.php?route=extension/modification&token=OClvFtmsiokLEY7BC4gJIvUGG7GMftzM
MOD DETAILS:
   modFile   : C:\xampp\htdocs\ij\vqmod/xml/a_vqmod_d_social_login.xml
   id        : d_social_login
   version   : 2.x
   vqmver    : 2.4.1
   author    : dreamvention.com
VQModObject::parseMods - Could not resolve path for [admin/model/sale/customer.php] (SKIPPED)

MOD DETAILS:
   modFile   : C:\xampp\htdocs\ij\vqmod/xml/newslettersubscription.xml
   id        : Indian Rupee Symbol
   version   : 2.0
   vqmver    : 2.4.1
   author    : IRSSOFT
VQModObject::parseMods - Could not resolve path for [admin/controller/common/menu.php] (SKIPPED)
VQModObject::parseMods - Could not resolve path for [admin/view/template/common/menu.tpl] (SKIPPED)

----------------------------------------------------------------------


---------- Date: 2018-12-12 21:22:44 ~ IP : ::1 ----------
REQUEST URI : /ij/admin/index.php?route=extension/modification&token=OClvFtmsiokLEY7BC4gJIvUGG7GMftzM
MOD DETAILS:
   modFile   : C:\xampp\htdocs\ij\vqmod/xml/a_vqmod_d_social_login.xml
   id        : d_social_login
   version   : 2.x
   vqmver    : 2.4.1
   author    : dreamvention.com
VQModObject::parseMods - Could not resolve path for [admin/model/sale/customer.php] (SKIPPED)

MOD DETAILS:
   modFile   : C:\xampp\htdocs\ij\vqmod/xml/newslettersubscription.xml
   id        : Indian Rupee Symbol
   version   : 2.0
   vqmver    : 2.4.1
   author    : IRSSOFT
VQModObject::parseMods - Could not resolve path for [admin/controller/common/menu.php] (SKIPPED)
VQModObject::parseMods - Could not resolve path for [admin/view/template/common/menu.tpl] (SKIPPED)

----------------------------------------------------------------------


---------- Date: 2018-12-12 21:25:23 ~ IP : ::1 ----------
REQUEST URI : /ij/admin/index.php?route=extension/modification&token=OClvFtmsiokLEY7BC4gJIvUGG7GMftzM
MOD DETAILS:
   modFile   : C:\xampp\htdocs\ij\vqmod/xml/a_vqmod_d_social_login.xml
   id        : d_social_login
   version   : 2.x
   vqmver    : 2.4.1
   author    : dreamvention.com
VQModObject::parseMods - Could not resolve path for [admin/model/sale/customer.php] (SKIPPED)

MOD DETAILS:
   modFile   : C:\xampp\htdocs\ij\vqmod/xml/newslettersubscription.xml
   id        : Indian Rupee Symbol
   version   : 2.0
   vqmver    : 2.4.1
   author    : IRSSOFT
VQModObject::parseMods - Could not resolve path for [admin/controller/common/menu.php] (SKIPPED)
VQModObject::parseMods - Could not resolve path for [admin/view/template/common/menu.tpl] (SKIPPED)

----------------------------------------------------------------------


---------- Date: 2018-12-12 21:26:01 ~ IP : ::1 ----------
REQUEST URI : /ij/admin/index.php?route=extension/modification&token=OClvFtmsiokLEY7BC4gJIvUGG7GMftzM
MOD DETAILS:
   modFile   : C:\xampp\htdocs\ij\vqmod/xml/a_vqmod_d_social_login.xml
   id        : d_social_login
   version   : 2.x
   vqmver    : 2.4.1
   author    : dreamvention.com
VQModObject::parseMods - Could not resolve path for [admin/model/sale/customer.php] (SKIPPED)

MOD DETAILS:
   modFile   : C:\xampp\htdocs\ij\vqmod/xml/newslettersubscription.xml
   id        : Indian Rupee Symbol
   version   : 2.0
   vqmver    : 2.4.1
   author    : IRSSOFT
VQModObject::parseMods - Could not resolve path for [admin/controller/common/menu.php] (SKIPPED)
VQModObject::parseMods - Could not resolve path for [admin/view/template/common/menu.tpl] (SKIPPED)

----------------------------------------------------------------------


---------- Date: 2018-12-12 21:26:45 ~ IP : ::1 ----------
REQUEST URI : /ij/admin/index.php?route=extension/modification&token=OClvFtmsiokLEY7BC4gJIvUGG7GMftzM
MOD DETAILS:
   modFile   : C:\xampp\htdocs\ij\vqmod/xml/a_vqmod_d_social_login.xml
   id        : d_social_login
   version   : 2.x
   vqmver    : 2.4.1
   author    : dreamvention.com
VQModObject::parseMods - Could not resolve path for [admin/model/sale/customer.php] (SKIPPED)

MOD DETAILS:
   modFile   : C:\xampp\htdocs\ij\vqmod/xml/newslettersubscription.xml
   id        : Indian Rupee Symbol
   version   : 2.0
   vqmver    : 2.4.1
   author    : IRSSOFT
VQModObject::parseMods - Could not resolve path for [admin/controller/common/menu.php] (SKIPPED)
VQModObject::parseMods - Could not resolve path for [admin/view/template/common/menu.tpl] (SKIPPED)

----------------------------------------------------------------------


---------- Date: 2018-12-12 21:27:31 ~ IP : ::1 ----------
REQUEST URI : /ij/admin/index.php?route=extension/modification&token=OClvFtmsiokLEY7BC4gJIvUGG7GMftzM
MOD DETAILS:
   modFile   : C:\xampp\htdocs\ij\vqmod/xml/a_vqmod_d_social_login.xml
   id        : d_social_login
   version   : 2.x
   vqmver    : 2.4.1
   author    : dreamvention.com
VQModObject::parseMods - Could not resolve path for [admin/model/sale/customer.php] (SKIPPED)

MOD DETAILS:
   modFile   : C:\xampp\htdocs\ij\vqmod/xml/newslettersubscription.xml
   id        : Indian Rupee Symbol
   version   : 2.0
   vqmver    : 2.4.1
   author    : IRSSOFT
VQModObject::parseMods - Could not resolve path for [admin/controller/common/menu.php] (SKIPPED)
VQModObject::parseMods - Could not resolve path for [admin/view/template/common/menu.tpl] (SKIPPED)

----------------------------------------------------------------------


---------- Date: 2018-12-12 21:28:09 ~ IP : ::1 ----------
REQUEST URI : /ij/admin/index.php?route=extension/modification&token=OClvFtmsiokLEY7BC4gJIvUGG7GMftzM
MOD DETAILS:
   modFile   : C:\xampp\htdocs\ij\vqmod/xml/a_vqmod_d_social_login.xml
   id        : d_social_login
   version   : 2.x
   vqmver    : 2.4.1
   author    : dreamvention.com
VQModObject::parseMods - Could not resolve path for [admin/model/sale/customer.php] (SKIPPED)

MOD DETAILS:
   modFile   : C:\xampp\htdocs\ij\vqmod/xml/newslettersubscription.xml
   id        : Indian Rupee Symbol
   version   : 2.0
   vqmver    : 2.4.1
   author    : IRSSOFT
VQModObject::parseMods - Could not resolve path for [admin/controller/common/menu.php] (SKIPPED)
VQModObject::parseMods - Could not resolve path for [admin/view/template/common/menu.tpl] (SKIPPED)

----------------------------------------------------------------------


---------- Date: 2018-12-12 21:29:18 ~ IP : ::1 ----------
REQUEST URI : /ij/admin/index.php?route=extension/modification&token=OClvFtmsiokLEY7BC4gJIvUGG7GMftzM
MOD DETAILS:
   modFile   : C:\xampp\htdocs\ij\vqmod/xml/a_vqmod_d_social_login.xml
   id        : d_social_login
   version   : 2.x
   vqmver    : 2.4.1
   author    : dreamvention.com
VQModObject::parseMods - Could not resolve path for [admin/model/sale/customer.php] (SKIPPED)

MOD DETAILS:
   modFile   : C:\xampp\htdocs\ij\vqmod/xml/newslettersubscription.xml
   id        : Indian Rupee Symbol
   version   : 2.0
   vqmver    : 2.4.1
   author    : IRSSOFT
VQModObject::parseMods - Could not resolve path for [admin/controller/common/menu.php] (SKIPPED)
VQModObject::parseMods - Could not resolve path for [admin/view/template/common/menu.tpl] (SKIPPED)

----------------------------------------------------------------------


---------- Date: 2018-12-12 21:30:08 ~ IP : ::1 ----------
REQUEST URI : /ij/admin/index.php?route=extension/modification&token=OClvFtmsiokLEY7BC4gJIvUGG7GMftzM
MOD DETAILS:
   modFile   : C:\xampp\htdocs\ij\vqmod/xml/a_vqmod_d_social_login.xml
   id        : d_social_login
   version   : 2.x
   vqmver    : 2.4.1
   author    : dreamvention.com
VQModObject::parseMods - Could not resolve path for [admin/model/sale/customer.php] (SKIPPED)

MOD DETAILS:
   modFile   : C:\xampp\htdocs\ij\vqmod/xml/newslettersubscription.xml
   id        : Indian Rupee Symbol
   version   : 2.0
   vqmver    : 2.4.1
   author    : IRSSOFT
VQModObject::parseMods - Could not resolve path for [admin/controller/common/menu.php] (SKIPPED)
VQModObject::parseMods - Could not resolve path for [admin/view/template/common/menu.tpl] (SKIPPED)

----------------------------------------------------------------------


---------- Date: 2018-12-12 21:32:30 ~ IP : ::1 ----------
REQUEST URI : /ij/admin/index.php?route=extension/modification&token=OClvFtmsiokLEY7BC4gJIvUGG7GMftzM
MOD DETAILS:
   modFile   : C:\xampp\htdocs\ij\vqmod/xml/a_vqmod_d_social_login.xml
   id        : d_social_login
   version   : 2.x
   vqmver    : 2.4.1
   author    : dreamvention.com
VQModObject::parseMods - Could not resolve path for [admin/model/sale/customer.php] (SKIPPED)

MOD DETAILS:
   modFile   : C:\xampp\htdocs\ij\vqmod/xml/newslettersubscription.xml
   id        : Indian Rupee Symbol
   version   : 2.0
   vqmver    : 2.4.1
   author    : IRSSOFT
VQModObject::parseMods - Could not resolve path for [admin/controller/common/menu.php] (SKIPPED)
VQModObject::parseMods - Could not resolve path for [admin/view/template/common/menu.tpl] (SKIPPED)

----------------------------------------------------------------------


---------- Date: 2018-12-12 21:33:55 ~ IP : ::1 ----------
REQUEST URI : /ij/admin/index.php?route=extension/modification&token=OClvFtmsiokLEY7BC4gJIvUGG7GMftzM
MOD DETAILS:
   modFile   : C:\xampp\htdocs\ij\vqmod/xml/a_vqmod_d_social_login.xml
   id        : d_social_login
   version   : 2.x
   vqmver    : 2.4.1
   author    : dreamvention.com
VQModObject::parseMods - Could not resolve path for [admin/model/sale/customer.php] (SKIPPED)

MOD DETAILS:
   modFile   : C:\xampp\htdocs\ij\vqmod/xml/newslettersubscription.xml
   id        : Indian Rupee Symbol
   version   : 2.0
   vqmver    : 2.4.1
   author    : IRSSOFT
VQModObject::parseMods - Could not resolve path for [admin/controller/common/menu.php] (SKIPPED)
VQModObject::parseMods - Could not resolve path for [admin/view/template/common/menu.tpl] (SKIPPED)

----------------------------------------------------------------------


---------- Date: 2018-12-12 21:36:29 ~ IP : ::1 ----------
REQUEST URI : /ij/admin/index.php?route=extension/modification&token=OClvFtmsiokLEY7BC4gJIvUGG7GMftzM
MOD DETAILS:
   modFile   : C:\xampp\htdocs\ij\vqmod/xml/a_vqmod_d_social_login.xml
   id        : d_social_login
   version   : 2.x
   vqmver    : 2.4.1
   author    : dreamvention.com
VQModObject::parseMods - Could not resolve path for [admin/model/sale/customer.php] (SKIPPED)

MOD DETAILS:
   modFile   : C:\xampp\htdocs\ij\vqmod/xml/newslettersubscription.xml
   id        : Indian Rupee Symbol
   version   : 2.0
   vqmver    : 2.4.1
   author    : IRSSOFT
VQModObject::parseMods - Could not resolve path for [admin/controller/common/menu.php] (SKIPPED)
VQModObject::parseMods - Could not resolve path for [admin/view/template/common/menu.tpl] (SKIPPED)

----------------------------------------------------------------------


---------- Date: 2018-12-12 21:38:06 ~ IP : ::1 ----------
REQUEST URI : /ij/admin/index.php?route=extension/modification&token=OClvFtmsiokLEY7BC4gJIvUGG7GMftzM
MOD DETAILS:
   modFile   : C:\xampp\htdocs\ij\vqmod/xml/a_vqmod_d_social_login.xml
   id        : d_social_login
   version   : 2.x
   vqmver    : 2.4.1
   author    : dreamvention.com
VQModObject::parseMods - Could not resolve path for [admin/model/sale/customer.php] (SKIPPED)

MOD DETAILS:
   modFile   : C:\xampp\htdocs\ij\vqmod/xml/newslettersubscription.xml
   id        : Indian Rupee Symbol
   version   : 2.0
   vqmver    : 2.4.1
   author    : IRSSOFT
VQModObject::parseMods - Could not resolve path for [admin/controller/common/menu.php] (SKIPPED)
VQModObject::parseMods - Could not resolve path for [admin/view/template/common/menu.tpl] (SKIPPED)

----------------------------------------------------------------------


---------- Date: 2018-12-12 21:38:30 ~ IP : ::1 ----------
REQUEST URI : /ij/admin/index.php?route=extension/modification&token=OClvFtmsiokLEY7BC4gJIvUGG7GMftzM
MOD DETAILS:
   modFile   : C:\xampp\htdocs\ij\vqmod/xml/a_vqmod_d_social_login.xml
   id        : d_social_login
   version   : 2.x
   vqmver    : 2.4.1
   author    : dreamvention.com
VQModObject::parseMods - Could not resolve path for [admin/model/sale/customer.php] (SKIPPED)

MOD DETAILS:
   modFile   : C:\xampp\htdocs\ij\vqmod/xml/newslettersubscription.xml
   id        : Indian Rupee Symbol
   version   : 2.0
   vqmver    : 2.4.1
   author    : IRSSOFT
VQModObject::parseMods - Could not resolve path for [admin/controller/common/menu.php] (SKIPPED)
VQModObject::parseMods - Could not resolve path for [admin/view/template/common/menu.tpl] (SKIPPED)

----------------------------------------------------------------------


---------- Date: 2018-12-12 21:39:31 ~ IP : ::1 ----------
REQUEST URI : /ij/admin/index.php?route=extension/modification&token=OClvFtmsiokLEY7BC4gJIvUGG7GMftzM
MOD DETAILS:
   modFile   : C:\xampp\htdocs\ij\vqmod/xml/a_vqmod_d_social_login.xml
   id        : d_social_login
   version   : 2.x
   vqmver    : 2.4.1
   author    : dreamvention.com
VQModObject::parseMods - Could not resolve path for [admin/model/sale/customer.php] (SKIPPED)

MOD DETAILS:
   modFile   : C:\xampp\htdocs\ij\vqmod/xml/newslettersubscription.xml
   id        : Indian Rupee Symbol
   version   : 2.0
   vqmver    : 2.4.1
   author    : IRSSOFT
VQModObject::parseMods - Could not resolve path for [admin/controller/common/menu.php] (SKIPPED)
VQModObject::parseMods - Could not resolve path for [admin/view/template/common/menu.tpl] (SKIPPED)

----------------------------------------------------------------------


---------- Date: 2018-12-12 21:41:26 ~ IP : ::1 ----------
REQUEST URI : /ij/admin/index.php?route=extension/modification&token=OClvFtmsiokLEY7BC4gJIvUGG7GMftzM
MOD DETAILS:
   modFile   : C:\xampp\htdocs\ij\vqmod/xml/a_vqmod_d_social_login.xml
   id        : d_social_login
   version   : 2.x
   vqmver    : 2.4.1
   author    : dreamvention.com
VQModObject::parseMods - Could not resolve path for [admin/model/sale/customer.php] (SKIPPED)

MOD DETAILS:
   modFile   : C:\xampp\htdocs\ij\vqmod/xml/newslettersubscription.xml
   id        : Indian Rupee Symbol
   version   : 2.0
   vqmver    : 2.4.1
   author    : IRSSOFT
VQModObject::parseMods - Could not resolve path for [admin/controller/common/menu.php] (SKIPPED)
VQModObject::parseMods - Could not resolve path for [admin/view/template/common/menu.tpl] (SKIPPED)

----------------------------------------------------------------------


---------- Date: 2018-12-12 21:42:27 ~ IP : ::1 ----------
REQUEST URI : /ij/admin/index.php?route=extension/modification&token=OClvFtmsiokLEY7BC4gJIvUGG7GMftzM
MOD DETAILS:
   modFile   : C:\xampp\htdocs\ij\vqmod/xml/a_vqmod_d_social_login.xml
   id        : d_social_login
   version   : 2.x
   vqmver    : 2.4.1
   author    : dreamvention.com
VQModObject::parseMods - Could not resolve path for [admin/model/sale/customer.php] (SKIPPED)

MOD DETAILS:
   modFile   : C:\xampp\htdocs\ij\vqmod/xml/newslettersubscription.xml
   id        : Indian Rupee Symbol
   version   : 2.0
   vqmver    : 2.4.1
   author    : IRSSOFT
VQModObject::parseMods - Could not resolve path for [admin/controller/common/menu.php] (SKIPPED)
VQModObject::parseMods - Could not resolve path for [admin/view/template/common/menu.tpl] (SKIPPED)

----------------------------------------------------------------------


---------- Date: 2018-12-12 21:42:52 ~ IP : ::1 ----------
REQUEST URI : /ij/admin/index.php?route=extension/modification&token=OClvFtmsiokLEY7BC4gJIvUGG7GMftzM
MOD DETAILS:
   modFile   : C:\xampp\htdocs\ij\vqmod/xml/a_vqmod_d_social_login.xml
   id        : d_social_login
   version   : 2.x
   vqmver    : 2.4.1
   author    : dreamvention.com
VQModObject::parseMods - Could not resolve path for [admin/model/sale/customer.php] (SKIPPED)

MOD DETAILS:
   modFile   : C:\xampp\htdocs\ij\vqmod/xml/newslettersubscription.xml
   id        : Indian Rupee Symbol
   version   : 2.0
   vqmver    : 2.4.1
   author    : IRSSOFT
VQModObject::parseMods - Could not resolve path for [admin/controller/common/menu.php] (SKIPPED)
VQModObject::parseMods - Could not resolve path for [admin/view/template/common/menu.tpl] (SKIPPED)

----------------------------------------------------------------------


---------- Date: 2018-12-12 21:43:24 ~ IP : ::1 ----------
REQUEST URI : /ij/admin/index.php?route=extension/modification&token=OClvFtmsiokLEY7BC4gJIvUGG7GMftzM
MOD DETAILS:
   modFile   : C:\xampp\htdocs\ij\vqmod/xml/a_vqmod_d_social_login.xml
   id        : d_social_login
   version   : 2.x
   vqmver    : 2.4.1
   author    : dreamvention.com
VQModObject::parseMods - Could not resolve path for [admin/model/sale/customer.php] (SKIPPED)

MOD DETAILS:
   modFile   : C:\xampp\htdocs\ij\vqmod/xml/newslettersubscription.xml
   id        : Indian Rupee Symbol
   version   : 2.0
   vqmver    : 2.4.1
   author    : IRSSOFT
VQModObject::parseMods - Could not resolve path for [admin/controller/common/menu.php] (SKIPPED)
VQModObject::parseMods - Could not resolve path for [admin/view/template/common/menu.tpl] (SKIPPED)

----------------------------------------------------------------------


---------- Date: 2018-12-12 21:44:11 ~ IP : ::1 ----------
REQUEST URI : /ij/admin/index.php?route=extension/modification&token=OClvFtmsiokLEY7BC4gJIvUGG7GMftzM
MOD DETAILS:
   modFile   : C:\xampp\htdocs\ij\vqmod/xml/a_vqmod_d_social_login.xml
   id        : d_social_login
   version   : 2.x
   vqmver    : 2.4.1
   author    : dreamvention.com
VQModObject::parseMods - Could not resolve path for [admin/model/sale/customer.php] (SKIPPED)

MOD DETAILS:
   modFile   : C:\xampp\htdocs\ij\vqmod/xml/newslettersubscription.xml
   id        : Indian Rupee Symbol
   version   : 2.0
   vqmver    : 2.4.1
   author    : IRSSOFT
VQModObject::parseMods - Could not resolve path for [admin/controller/common/menu.php] (SKIPPED)
VQModObject::parseMods - Could not resolve path for [admin/view/template/common/menu.tpl] (SKIPPED)

----------------------------------------------------------------------


---------- Date: 2018-12-12 21:45:48 ~ IP : ::1 ----------
REQUEST URI : /ij/admin/index.php?route=extension/modification&token=OClvFtmsiokLEY7BC4gJIvUGG7GMftzM
MOD DETAILS:
   modFile   : C:\xampp\htdocs\ij\vqmod/xml/a_vqmod_d_social_login.xml
   id        : d_social_login
   version   : 2.x
   vqmver    : 2.4.1
   author    : dreamvention.com
VQModObject::parseMods - Could not resolve path for [admin/model/sale/customer.php] (SKIPPED)

MOD DETAILS:
   modFile   : C:\xampp\htdocs\ij\vqmod/xml/newslettersubscription.xml
   id        : Indian Rupee Symbol
   version   : 2.0
   vqmver    : 2.4.1
   author    : IRSSOFT
VQModObject::parseMods - Could not resolve path for [admin/controller/common/menu.php] (SKIPPED)
VQModObject::parseMods - Could not resolve path for [admin/view/template/common/menu.tpl] (SKIPPED)

----------------------------------------------------------------------


---------- Date: 2018-12-12 21:46:42 ~ IP : ::1 ----------
REQUEST URI : /ij/admin/index.php?route=extension/modification&token=OClvFtmsiokLEY7BC4gJIvUGG7GMftzM
MOD DETAILS:
   modFile   : C:\xampp\htdocs\ij\vqmod/xml/a_vqmod_d_social_login.xml
   id        : d_social_login
   version   : 2.x
   vqmver    : 2.4.1
   author    : dreamvention.com
VQModObject::parseMods - Could not resolve path for [admin/model/sale/customer.php] (SKIPPED)

MOD DETAILS:
   modFile   : C:\xampp\htdocs\ij\vqmod/xml/newslettersubscription.xml
   id        : Indian Rupee Symbol
   version   : 2.0
   vqmver    : 2.4.1
   author    : IRSSOFT
VQModObject::parseMods - Could not resolve path for [admin/controller/common/menu.php] (SKIPPED)
VQModObject::parseMods - Could not resolve path for [admin/view/template/common/menu.tpl] (SKIPPED)

----------------------------------------------------------------------


---------- Date: 2018-12-12 21:48:04 ~ IP : ::1 ----------
REQUEST URI : /ij/admin/index.php?route=extension/modification&token=OClvFtmsiokLEY7BC4gJIvUGG7GMftzM
MOD DETAILS:
   modFile   : C:\xampp\htdocs\ij\vqmod/xml/a_vqmod_d_social_login.xml
   id        : d_social_login
   version   : 2.x
   vqmver    : 2.4.1
   author    : dreamvention.com
VQModObject::parseMods - Could not resolve path for [admin/model/sale/customer.php] (SKIPPED)

MOD DETAILS:
   modFile   : C:\xampp\htdocs\ij\vqmod/xml/newslettersubscription.xml
   id        : Indian Rupee Symbol
   version   : 2.0
   vqmver    : 2.4.1
   author    : IRSSOFT
VQModObject::parseMods - Could not resolve path for [admin/controller/common/menu.php] (SKIPPED)
VQModObject::parseMods - Could not resolve path for [admin/view/template/common/menu.tpl] (SKIPPED)

----------------------------------------------------------------------


---------- Date: 2018-12-12 21:49:15 ~ IP : ::1 ----------
REQUEST URI : /ij/admin/index.php?route=extension/modification&token=OClvFtmsiokLEY7BC4gJIvUGG7GMftzM
MOD DETAILS:
   modFile   : C:\xampp\htdocs\ij\vqmod/xml/a_vqmod_d_social_login.xml
   id        : d_social_login
   version   : 2.x
   vqmver    : 2.4.1
   author    : dreamvention.com
VQModObject::parseMods - Could not resolve path for [admin/model/sale/customer.php] (SKIPPED)

MOD DETAILS:
   modFile   : C:\xampp\htdocs\ij\vqmod/xml/newslettersubscription.xml
   id        : Indian Rupee Symbol
   version   : 2.0
   vqmver    : 2.4.1
   author    : IRSSOFT
VQModObject::parseMods - Could not resolve path for [admin/controller/common/menu.php] (SKIPPED)
VQModObject::parseMods - Could not resolve path for [admin/view/template/common/menu.tpl] (SKIPPED)

----------------------------------------------------------------------


---------- Date: 2018-12-12 21:50:22 ~ IP : ::1 ----------
REQUEST URI : /ij/admin/index.php?route=extension/modification&token=OClvFtmsiokLEY7BC4gJIvUGG7GMftzM
MOD DETAILS:
   modFile   : C:\xampp\htdocs\ij\vqmod/xml/a_vqmod_d_social_login.xml
   id        : d_social_login
   version   : 2.x
   vqmver    : 2.4.1
   author    : dreamvention.com
VQModObject::parseMods - Could not resolve path for [admin/model/sale/customer.php] (SKIPPED)

MOD DETAILS:
   modFile   : C:\xampp\htdocs\ij\vqmod/xml/newslettersubscription.xml
   id        : Indian Rupee Symbol
   version   : 2.0
   vqmver    : 2.4.1
   author    : IRSSOFT
VQModObject::parseMods - Could not resolve path for [admin/controller/common/menu.php] (SKIPPED)
VQModObject::parseMods - Could not resolve path for [admin/view/template/common/menu.tpl] (SKIPPED)

----------------------------------------------------------------------


---------- Date: 2018-12-12 21:50:52 ~ IP : ::1 ----------
REQUEST URI : /ij/admin/index.php?route=extension/modification&token=OClvFtmsiokLEY7BC4gJIvUGG7GMftzM
MOD DETAILS:
   modFile   : C:\xampp\htdocs\ij\vqmod/xml/a_vqmod_d_social_login.xml
   id        : d_social_login
   version   : 2.x
   vqmver    : 2.4.1
   author    : dreamvention.com
VQModObject::parseMods - Could not resolve path for [admin/model/sale/customer.php] (SKIPPED)

MOD DETAILS:
   modFile   : C:\xampp\htdocs\ij\vqmod/xml/newslettersubscription.xml
   id        : Indian Rupee Symbol
   version   : 2.0
   vqmver    : 2.4.1
   author    : IRSSOFT
VQModObject::parseMods - Could not resolve path for [admin/controller/common/menu.php] (SKIPPED)
VQModObject::parseMods - Could not resolve path for [admin/view/template/common/menu.tpl] (SKIPPED)

----------------------------------------------------------------------


